SLEUTH EMBEDDED UNORDERED ./data/input_frequent_trees_City_MSF-500_MTL-25.csv.db 0 298 45 [ 1 7 1 0.000802994 0 ] [ 2 1 1 0.000658989 0 ] [ 3 2 2 0.000118971 0 ] [ 4 5 0 0.000154257 0 ] [ SUM 15 4 0.00173521 ] 0.00734997
SLEUTH EMBEDDED UNORDERED ./data/input_frequent_trees_City_MSF-500_MTL-25.csv.db 0 1216 120 [ 1 3 1 0.0022161 0 ] [ 2 1 1 0.00329685 0 ] [ 3 2 2 0.00166011 0 ] [ 4 5 3 0.0049839 0 ] [ 5 7 0 0.0331979 0 ] [ SUM 18 7 0.0453548 ] 0.0540159
SLEUTH EMBEDDED UNORDERED ./data/input_frequent_trees_City_MSF-500_MTL-25.csv.db 0 128 23 [ 1 2 1 0.000322819 0 ] [ 2 1 1 0.000283241 0 ] [ 3 2 1 0.000125885 0 ] [ 4 2 0 3.50475e-05 0 ] [ SUM 7 3 0.000766993 ] 0.00526285
SLEUTH EMBEDDED UNORDERED ./data/input_frequent_trees_City_MSF-500_MTL-25.csv.db 0 126 23 [ 1 2 1 0.000326157 0 ] [ 2 1 1 0.000308037 0 ] [ 3 2 2 0.000225782 0 ] [ 4 5 1 0.000778198 0 ] [ 5 2 0 0.000211 0 ] [ SUM 12 5 0.00184917 ] 0.00647688
SLEUTH EMBEDDED UNORDERED ./data/input_frequent_trees_City_MSF-500_MTL-25.csv.db 0 64 13 [ 1 2 1 0.000216961 0 ] [ 2 1 1 0.000147104 0 ] [ 3 2 2 3.60012e-05 0 ] [ 4 5 0 1.28746e-05 0 ] [ SUM 10 4 0.000412941 ] 0.00481892
SLEUTH EMBEDDED UNORDERED ./data/input_frequent_trees_City_MSF-500_MTL-25.csv.db 0 61 12 [ 1 2 1 0.000207901 0 ] [ 2 1 1 0.000134945 0 ] [ 3 2 0 4.19617e-05 0 ] [ SUM 5 2 0.000384808 ] 0.00525188
SLEUTH EMBEDDED UNORDERED ./data/input_frequent_trees_City_MSF-500_MTL-25.csv.db 0 350 52 [ 1 2 1 0.000713825 0 ] [ 2 1 1 0.0007658 0 ] [ 3 2 2 0.000472069 0 ] [ 4 5 0 0.001544 0 ] [ SUM 10 4 0.00349569 ] 0.00930786
SLEUTH EMBEDDED UNORDERED ./data/input_frequent_trees_City_MSF-500_MTL-25.csv.db 0 123 22 [ 1 2 1 0.00031805 0 ] [ 2 1 1 0.000258923 0 ] [ 3 2 1 7.00951e-05 0 ] [ 4 2 0 1.09673e-05 0 ] [ SUM 7 3 0.000658035 ] 0.00556707
SLEUTH EMBEDDED UNORDERED ./data/input_frequent_trees_City_MSF-500_MTL-25.csv.db 0 126 23 [ 1 2 1 0.000320911 0 ] [ 2 1 1 0.000285864 0 ] [ 3 2 2 0.000139952 0 ] [ 4 5 0 0.000407219 0 ] [ SUM 10 4 0.00115395 ] 0.00634503
SLEUTH EMBEDDED UNORDERED ./data/input_frequent_trees_City_MSF-500_MTL-25.csv.db 0 172 31 [ 1 2 1 0.00040102 0 ] [ 2 1 1 0.000395775 0 ] [ 3 2 2 0.000167131 0 ] [ 4 5 0 0.000346899 0 ] [ SUM 10 4 0.00131083 ] 0.00698614
SLEUTH EMBEDDED UNORDERED ./data/input_frequent_trees_City_MSF-500_MTL-25.csv.db 0 51 10 [ 1 2 1 0.000201941 0 ] [ 2 1 1 0.000123024 0 ] [ 3 2 2 4.31538e-05 0 ] [ 4 5 0 3.8147e-05 0 ] [ SUM 10 4 0.000406265 ] 0.00468302
SLEUTH EMBEDDED UNORDERED ./data/input_frequent_trees_City_MSF-500_MTL-25.csv.db 0 1444 120 [ 1 2 1 0.00258017 0 ] [ 2 1 1 0.00307822 0 ] [ 3 2 2 0.00142312 0 ] [ 4 5 2 0.00510406 0 ] [ 5 5 0 0.00239801 0 ] [ SUM 15 6 0.0145836 ] 0.021122
SLEUTH EMBEDDED UNORDERED ./data/input_frequent_trees_City_MSF-500_MTL-25.csv.db 0 155 28 [ 1 2 1 0.000377178 0 ] [ 2 1 1 0.000369072 0 ] [ 3 2 2 0.000313044 0 ] [ 4 5 0 0.00127888 0 ] [ SUM 10 4 0.00233817 ] 0.00767398
SLEUTH EMBEDDED UNORDERED ./data/input_frequent_trees_City_MSF-500_MTL-25.csv.db 0 106 20 [ 1 2 1 0.000290155 0 ] [ 2 1 1 0.000254154 0 ] [ 3 2 2 0.000108004 0 ] [ 4 5 0 0.000200987 0 ] [ SUM 10 4 0.0008533 ] 0.00584888
SLEUTH EMBEDDED UNORDERED ./data/input_frequent_trees_City_MSF-500_MTL-25.csv.db 0 71 14 [ 1 2 1 0.000233889 0 ] [ 2 1 1 0.000172853 0 ] [ 3 2 2 0.000110149 0 ] [ 4 5 0 0.000424147 0 ] [ SUM 10 4 0.000941038 ] 0.00612903
SLEUTH EMBEDDED UNORDERED ./data/input_frequent_trees_City_MSF-500_MTL-25.csv.db 0 84 17 [ 1 2 1 0.000254869 0 ] [ 2 1 1 0.00019598 0 ] [ 3 2 2 9.10759e-05 0 ] [ 4 5 0 0.000152826 0 ] [ SUM 10 4 0.000694752 ] 0.00606894
SLEUTH EMBEDDED UNORDERED ./data/input_frequent_trees_City_MSF-500_MTL-25.csv.db 0 49 10 [ 1 2 1 0.000191927 0 ] [ 2 1 1 0.000123739 0 ] [ 3 2 2 7.20024e-05 0 ] [ 4 5 0 0.000170231 0 ] [ SUM 10 4 0.000557899 ] 0.00529981
SLEUTH EMBEDDED UNORDERED ./data/input_frequent_trees_City_MSF-500_MTL-25.csv.db 0 199 36 [ 1 2 1 0.000437975 0 ] [ 2 1 1 0.000416756 0 ] [ 3 2 1 0.000127077 0 ] [ 4 2 0 1.88351e-05 0 ] [ SUM 7 3 0.00100064 ] 0.00707603
SLEUTH EMBEDDED UNORDERED ./data/input_frequent_trees_City_MSF-500_MTL-25.csv.db 0 54 11 [ 1 2 1 0.000224829 0 ] [ 2 1 1 0.000136852 0 ] [ 3 2 2 5.79357e-05 0 ] [ 4 5 0 7.51019e-05 0 ] [ SUM 10 4 0.000494719 ] 0.00136995
SLEUTH EMBEDDED UNORDERED ./data/input_frequent_trees_City_MSF-500_MTL-25.csv.db 0 61 12 [ 1 2 1 0.000216961 0 ] [ 2 1 1 0.000154734 0 ] [ 3 2 2 0.000133991 0 ] [ 4 5 0 0.000407934 0 ] [ SUM 10 4 0.00091362 ] 0.00587082
SLEUTH EMBEDDED UNORDERED ./data/input_frequent_trees_City_MSF-500_MTL-25.csv.db 0 63 13 [ 1 2 1 0.00022316 0 ] [ 2 1 1 0.000143051 0 ] [ 3 2 2 3.60012e-05 0 ] [ 4 5 0 2.21729e-05 0 ] [ SUM 10 4 0.000424385 ] 0.00492787
SLEUTH EMBEDDED UNORDERED ./data/input_frequent_trees_City_MSF-500_MTL-25.csv.db 0 61 12 [ 1 2 1 0.000215054 0 ] [ 2 1 1 0.000150919 0 ] [ 3 2 2 7.79629e-05 0 ] [ 4 5 0 0.000156164 0 ] [ SUM 10 4 0.0006001 ] 0.00693107
SLEUTH EMBEDDED UNORDERED ./data/input_frequent_trees_City_MSF-500_MTL-25.csv.db 0 678 81 [ 1 2 1 0.00125003 0 ] [ 2 1 1 0.00142884 0 ] [ 3 2 2 0.000570059 0 ] [ 4 5 0 0.00139499 0 ] [ SUM 10 4 0.00464392 ] 0.010473
SLEUTH EMBEDDED UNORDERED ./data/input_frequent_trees_City_MSF-500_MTL-25.csv.db 0 81 16 [ 1 2 1 0.000241995 0 ] [ 2 1 1 0.000173807 0 ] [ 3 2 0 3.79086e-05 0 ] [ SUM 5 2 0.000453711 ] 0.00529194
SLEUTH EMBEDDED UNORDERED ./data/input_frequent_trees_City_MSF-500_MTL-25.csv.db 0 189 34 [ 1 2 1 0.000429153 0 ] [ 2 1 1 0.000418901 0 ] [ 3 2 1 0.000160933 0 ] [ 4 2 0 4.60148e-05 0 ] [ SUM 7 3 0.001055 ] 0.00627112
SLEUTH EMBEDDED UNORDERED ./data/input_frequent_trees_City_MSF-500_MTL-25.csv.db 0 80 16 [ 1 2 1 0.000374079 0 ] [ 2 1 1 0.000257015 0 ] [ 3 2 0 8.17776e-05 0 ] [ SUM 5 2 0.000712872 ] 0.00922418
SLEUTH EMBEDDED UNORDERED ./data/input_frequent_trees_City_MSF-500_MTL-25.csv.db 0 188 34 [ 1 2 1 0.000520945 0 ] [ 2 1 1 0.000416994 0 ] [ 3 2 2 0.000165939 0 ] [ 4 5 0 0.000261307 0 ] [ SUM 10 4 0.00136518 ] 0.0112419
SLEUTH EMBEDDED UNORDERED ./data/input_frequent_trees_City_MSF-500_MTL-25.csv.db 0 81 16 [ 1 2 1 0.000268936 0 ] [ 2 1 1 0.000213146 0 ] [ 3 2 2 0.000109911 0 ] [ 4 5 0 0.000144005 0 ] [ SUM 10 4 0.000735998 ] 0.0137479
SLEUTH EMBEDDED UNORDERED ./data/input_frequent_trees_City_MSF-500_MTL-25.csv.db 0 410 62 [ 1 2 1 0.000789165 0 ] [ 2 1 1 0.000988245 0 ] [ 3 2 2 0.000251055 0 ] [ 4 5 0 0.000658989 0 ] [ SUM 10 4 0.00268745 ] 0.00818706
SLEUTH EMBEDDED UNORDERED ./data/input_frequent_trees_City_MSF-500_MTL-25.csv.db 0 68 14 [ 1 2 1 0.000228882 0 ] [ 2 1 1 0.000158072 0 ] [ 3 2 1 9.98974e-05 0 ] [ 4 2 0 4.00543e-05 0 ] [ SUM 7 3 0.000526905 ] 0.00577617
SLEUTH EMBEDDED UNORDERED ./data/input_frequent_trees_City_MSF-500_MTL-25.csv.db 0 63 13 [ 1 2 1 0.000212908 0 ] [ 2 1 1 0.000143051 0 ] [ 3 2 2 5.00679e-05 0 ] [ 4 5 0 5.72205e-05 0 ] [ SUM 10 4 0.000463247 ] 0.00555301
SLEUTH EMBEDDED UNORDERED ./data/input_frequent_trees_City_MSF-500_MTL-25.csv.db 0 53 11 [ 1 2 1 0.000192881 0 ] [ 2 1 1 0.000124216 0 ] [ 3 2 1 7.9155e-05 0 ] [ 4 2 0 1.38283e-05 0 ] [ SUM 7 3 0.00041008 ] 0.00479889
SLEUTH EMBEDDED UNORDERED ./data/input_frequent_trees_City_MSF-500_MTL-25.csv.db 0 124 22 [ 1 2 1 0.000325918 0 ] [ 2 1 1 0.000276089 0 ] [ 3 2 1 0.000102997 0 ] [ 4 2 0 4.98295e-05 0 ] [ SUM 7 3 0.000754833 ] 0.00689197
SLEUTH EMBEDDED UNORDERED ./data/input_frequent_trees_City_MSF-500_MTL-25.csv.db 0 326 49 [ 1 2 1 0.000648022 0 ] [ 2 1 1 0.000659704 0 ] [ 3 2 2 0.000108004 0 ] [ 4 5 0 9.20296e-05 0 ] [ SUM 10 4 0.00150776 ] 0.00886393
SLEUTH EMBEDDED UNORDERED ./data/input_frequent_trees_City_MSF-500_MTL-25.csv.db 0 576 75 [ 1 2 1 0.00105906 0 ] [ 2 1 1 0.00116205 0 ] [ 3 2 1 0.000227928 0 ] [ 4 2 0 8.89301e-05 0 ] [ SUM 7 3 0.00253797 ] 0.0081172
SLEUTH EMBEDDED UNORDERED ./data/input_frequent_trees_City_MSF-500_MTL-25.csv.db 0 86 17 [ 1 2 1 0.000246048 0 ] [ 2 1 1 0.000186682 0 ] [ 3 2 1 4.60148e-05 0 ] [ 4 2 0 5.96046e-06 0 ] [ SUM 7 3 0.000484705 ] 0.00504303
SLEUTH EMBEDDED UNORDERED ./data/input_frequent_trees_City_MSF-500_MTL-25.csv.db 0 71 14 [ 1 2 1 0.000268936 0 ] [ 2 1 1 0.000165224 0 ] [ 3 2 2 3.40939e-05 0 ] [ 4 5 0 1.78814e-05 0 ] [ SUM 10 4 0.000486135 ] 0.00879908
SLEUTH EMBEDDED UNORDERED ./data/input_frequent_trees_City_MSF-500_MTL-25.csv.db 0 711 85 [ 1 2 1 0.00131297 0 ] [ 2 1 1 0.00150013 0 ] [ 3 2 2 0.000639915 0 ] [ 4 5 0 0.00207019 0 ] [ SUM 10 4 0.0055232 ] 0.0137138
SLEUTH EMBEDDED UNORDERED ./data/input_frequent_trees_City_MSF-500_MTL-25.csv.db 0 61 12 [ 1 2 1 0.000203133 0 ] [ 2 1 1 0.000134706 0 ] [ 3 2 0 2.71797e-05 0 ] [ SUM 5 2 0.000365019 ] 0.00476813
SLEUTH EMBEDDED UNORDERED ./data/input_frequent_trees_City_MSF-500_MTL-25.csv.db 0 65 13 [ 1 2 1 0.000243902 0 ] [ 2 1 1 0.000154018 0 ] [ 3 2 0 4.50611e-05 0 ] [ SUM 5 2 0.000442982 ] 0.00836706
SLEUTH EMBEDDED UNORDERED ./data/input_frequent_trees_City_MSF-500_MTL-25.csv.db 0 53 11 [ 1 2 1 0.000200033 0 ] [ 2 1 1 0.00012517 0 ] [ 3 2 1 5.60284e-05 0 ] [ 4 2 0 1.71661e-05 0 ] [ SUM 7 3 0.000398397 ] 0.00473285
SLEUTH EMBEDDED UNORDERED ./data/input_frequent_trees_City_MSF-500_MTL-25.csv.db 0 103 20 [ 1 2 1 0.000279903 0 ] [ 2 1 1 0.000223875 0 ] [ 3 2 2 7.79629e-05 0 ] [ 4 5 0 9.77516e-05 0 ] [ SUM 10 4 0.000679493 ] 0.00568914
SLEUTH EMBEDDED UNORDERED ./data/input_frequent_trees_City_MSF-500_MTL-25.csv.db 0 57 11 [ 1 2 1 0.000194073 0 ] [ 2 1 1 0.000123024 0 ] [ 3 2 0 2.40803e-05 0 ] [ SUM 5 2 0.000341177 ] 0.00521207
SLEUTH EMBEDDED UNORDERED ./data/input_frequent_trees_City_MSF-500_MTL-25.csv.db 0 206 36 [ 1 2 1 0.000452042 0 ] [ 2 1 1 0.000426054 0 ] [ 3 2 1 0.000155926 0 ] [ 4 2 0 4.50611e-05 0 ] [ SUM 7 3 0.00107908 ] 0.00775886
SLEUTH EMBEDDED UNORDERED ./data/input_frequent_trees_City_MSF-500_MTL-25.csv.db 0 50 10 [ 1 2 1 0.000190973 0 ] [ 2 1 1 0.000120163 0 ] [ 3 2 2 5.00679e-05 0 ] [ 4 5 0 6.58035e-05 0 ] [ SUM 10 4 0.000427008 ] 0.00482988
SLEUTH EMBEDDED UNORDERED ./data/input_frequent_trees_City_MSF-500_MTL-25.csv.db 0 63 13 [ 1 2 1 0.00022912 0 ] [ 2 1 1 0.000173092 0 ] [ 3 2 2 0.000152826 0 ] [ 4 5 2 0.000373125 0 ] [ 5 5 0 0.000139236 0 ] [ SUM 15 6 0.0010674 ] 0.00609493
SLEUTH EMBEDDED UNORDERED ./data/input_frequent_trees_City_MSF-500_MTL-25.csv.db 0 329 49 [ 1 2 1 0.000665188 0 ] [ 2 1 1 0.000727177 0 ] [ 3 2 2 0.000260115 0 ] [ 4 5 0 0.000630856 0 ] [ SUM 10 4 0.00228333 ] 0.00733089
SLEUTH EMBEDDED UNORDERED ./data/input_frequent_trees_City_MSF-500_MTL-25.csv.db 0 67 13 [ 1 2 1 0.00028801 0 ] [ 2 1 1 0.000146866 0 ] [ 3 2 1 3.69549e-05 0 ] [ 4 2 0 6.91414e-06 0 ] [ SUM 7 3 0.000478745 ] 0.00486684
SLEUTH EMBEDDED UNORDERED ./data/input_frequent_trees_City_MSF-500_MTL-25.csv.db 0 303 45 [ 1 2 1 0.000610113 0 ] [ 2 1 1 0.000643969 0 ] [ 3 2 2 0.000213861 0 ] [ 4 5 0 0.000578165 0 ] [ SUM 10 4 0.00204611 ] 0.00706792
SLEUTH EMBEDDED UNORDERED ./data/input_frequent_trees_City_MSF-500_MTL-25.csv.db 0 652 78 [ 1 2 1 0.00120378 0 ] [ 2 1 1 0.00136924 0 ] [ 3 2 2 0.000487089 0 ] [ 4 5 0 0.00154185 0 ] [ SUM 10 4 0.00460196 ] 0.0102971
SLEUTH EMBEDDED UNORDERED ./data/input_frequent_trees_City_MSF-500_MTL-25.csv.db 0 139 25 [ 1 2 1 0.000336885 0 ] [ 2 1 1 0.000305176 0 ] [ 3 2 2 0.000120878 0 ] [ 4 5 0 0.000226021 0 ] [ SUM 10 4 0.00098896 ] 0.00636196
SLEUTH EMBEDDED UNORDERED ./data/input_frequent_trees_City_MSF-500_MTL-25.csv.db 0 120 22 [ 1 2 1 0.000303984 0 ] [ 2 1 1 0.000256777 0 ] [ 3 2 1 0.000110149 0 ] [ 4 2 0 0.000218868 0 ] [ SUM 7 3 0.000889778 ] 0.005404
SLEUTH EMBEDDED UNORDERED ./data/input_frequent_trees_City_MSF-500_MTL-25.csv.db 0 65 13 [ 1 2 1 0.000216961 0 ] [ 2 1 1 0.00015974 0 ] [ 3 2 2 0.000129938 0 ] [ 4 5 0 0.000743151 0 ] [ SUM 10 4 0.00124979 ] 0.00608683
SLEUTH EMBEDDED UNORDERED ./data/input_frequent_trees_City_MSF-500_MTL-25.csv.db 0 260 39 [ 1 2 1 0.000550985 0 ] [ 2 1 1 0.000576735 0 ] [ 3 2 2 0.000291109 0 ] [ 4 5 0 0.000986814 0 ] [ SUM 10 4 0.00240564 ] 0.00832295
SLEUTH EMBEDDED UNORDERED ./data/input_frequent_trees_City_MSF-500_MTL-25.csv.db 0 58 12 [ 1 2 1 0.000205994 0 ] [ 2 1 1 0.000152826 0 ] [ 3 2 2 0.000144958 0 ] [ 4 5 1 0.000596046 0 ] [ 5 2 0 0.000155926 0 ] [ SUM 12 5 0.00125575 ] 0.00561595
SLEUTH EMBEDDED UNORDERED ./data/input_frequent_trees_City_MSF-500_MTL-25.csv.db 0 72 14 [ 1 2 1 0.000234127 0 ] [ 2 1 1 0.0001719 0 ] [ 3 2 2 9.20296e-05 0 ] [ 4 5 0 0.000386953 0 ] [ SUM 10 4 0.00088501 ] 0.00563908
SLEUTH EMBEDDED UNORDERED ./data/input_frequent_trees_City_MSF-500_MTL-25.csv.db 0 74 15 [ 1 2 1 0.000229836 0 ] [ 2 1 1 0.000167131 0 ] [ 3 2 2 8.4877e-05 0 ] [ 4 5 0 8.08239e-05 0 ] [ SUM 10 4 0.000562668 ] 0.00503492
SLEUTH EMBEDDED UNORDERED ./data/input_frequent_trees_City_MSF-500_MTL-25.csv.db 0 59 12 [ 1 2 1 0.000198841 0 ] [ 2 1 1 0.000136137 0 ] [ 3 2 1 3.19481e-05 0 ] [ 4 2 0 4.05312e-06 0 ] [ SUM 7 3 0.000370979 ] 0.00458097
SLEUTH EMBEDDED UNORDERED ./data/input_frequent_trees_City_MSF-500_MTL-25.csv.db 0 152 27 [ 1 2 1 0.000369072 0 ] [ 2 1 1 0.000367641 0 ] [ 3 2 2 0.000276089 0 ] [ 4 5 0 0.001158 0 ] [ SUM 10 4 0.0021708 ] 0.00690603
SLEUTH EMBEDDED UNORDERED ./data/input_frequent_trees_City_MSF-500_MTL-25.csv.db 0 310 46 [ 1 2 1 0.000672102 0 ] [ 2 1 1 0.000666857 0 ] [ 3 2 2 0.000289917 0 ] [ 4 5 0 0.000829935 0 ] [ SUM 10 4 0.00245881 ] 0.00745106
SLEUTH EMBEDDED UNORDERED ./data/input_frequent_trees_City_MSF-500_MTL-25.csv.db 0 69 14 [ 1 2 1 0.000226974 0 ] [ 2 1 1 0.000163794 0 ] [ 3 2 2 0.000105858 0 ] [ 4 5 0 0.000362873 0 ] [ SUM 10 4 0.000859499 ] 0.00520396
SLEUTH EMBEDDED UNORDERED ./data/input_frequent_trees_City_MSF-500_MTL-25.csv.db 0 141 25 [ 1 2 1 0.000339031 0 ] [ 2 1 1 0.000305176 0 ] [ 3 2 1 0.000118017 0 ] [ 4 2 0 4.81606e-05 0 ] [ SUM 7 3 0.000810385 ] 0.00538707
SLEUTH EMBEDDED UNORDERED ./data/input_frequent_trees_City_MSF-500_MTL-25.csv.db 0 75 15 [ 1 2 1 0.000236988 0 ] [ 2 1 1 0.000196695 0 ] [ 3 2 2 0.000180006 0 ] [ 4 5 1 0.000618219 0 ] [ 5 2 0 0.000139952 0 ] [ SUM 12 5 0.00137186 ] 0.00584197
SLEUTH EMBEDDED UNORDERED ./data/input_frequent_trees_City_MSF-500_MTL-25.csv.db 0 149 27 [ 1 2 1 0.000356913 0 ] [ 2 1 1 0.000323772 0 ] [ 3 2 2 9.10759e-05 0 ] [ 4 5 0 8.17776e-05 0 ] [ SUM 10 4 0.000853539 ] 0.00603795
SLEUTH EMBEDDED UNORDERED ./data/input_frequent_trees_City_MSF-500_MTL-25.csv.db 0 100 20 [ 1 2 1 0.000276089 0 ] [ 2 1 1 0.000207901 0 ] [ 3 2 0 4.00543e-05 0 ] [ SUM 5 2 0.000524044 ] 0.00534582
SLEUTH EMBEDDED UNORDERED ./data/input_frequent_trees_City_MSF-500_MTL-25.csv.db 0 55 11 [ 1 2 1 0.00020504 0 ] [ 2 1 1 0.000129223 0 ] [ 3 2 2 5.19753e-05 0 ] [ 4 5 0 8.79765e-05 0 ] [ SUM 10 4 0.000474215 ] 0.00617599
SLEUTH EMBEDDED UNORDERED ./data/input_frequent_trees_City_MSF-500_MTL-25.csv.db 0 77 15 [ 1 2 1 0.000237942 0 ] [ 2 1 1 0.000182867 0 ] [ 3 2 2 0.00012517 0 ] [ 4 5 0 0.000468969 0 ] [ SUM 10 4 0.00101495 ] 0.00537705
SLEUTH EMBEDDED UNORDERED ./data/input_frequent_trees_City_MSF-500_MTL-25.csv.db 0 84 17 [ 1 2 1 0.000375986 0 ] [ 2 1 1 0.000185013 0 ] [ 3 2 0 3.21865e-05 0 ] [ SUM 5 2 0.000593185 ] 0.00517917
SLEUTH EMBEDDED UNORDERED ./data/input_frequent_trees_City_MSF-500_MTL-25.csv.db 0 89 18 [ 1 2 1 0.000255108 0 ] [ 2 1 1 0.000185728 0 ] [ 3 2 0 4.29153e-05 0 ] [ SUM 5 2 0.000483751 ] 0.00538492
SLEUTH EMBEDDED UNORDERED ./data/input_frequent_trees_City_MSF-500_MTL-25.csv.db 0 60 12 [ 1 2 1 0.000217915 0 ] [ 2 1 1 0.000142813 0 ] [ 3 2 1 9.41753e-05 0 ] [ 4 2 0 2.21729e-05 0 ] [ SUM 7 3 0.000477076 ] 0.00545001
SLEUTH EMBEDDED UNORDERED ./data/input_frequent_trees_City_MSF-500_MTL-25.csv.db 0 53 11 [ 1 2 1 0.000186205 0 ] [ 2 1 1 0.000109196 0 ] [ 3 2 0 1.69277e-05 0 ] [ SUM 5 2 0.000312328 ] 0.00105405
SLEUTH EMBEDDED UNORDERED ./data/input_frequent_trees_City_MSF-500_MTL-25.csv.db 0 81 16 [ 1 2 1 0.000237942 0 ] [ 2 1 1 0.00017786 0 ] [ 3 2 2 5.48363e-05 0 ] [ 4 5 0 7.48634e-05 0 ] [ SUM 10 4 0.000545502 ] 0.00529599
