SLEUTH EMBEDDED UNORDERED /users/PAS0536/osu9965/Traffic/EventProcessing/tmp/input_harvey_texas_All_MinSup-0.05_MaxLen-50_newencoding.csv.db 0.0501495 1827 92 [ 1 18 4 0.00338697 0 ] [ 2 16 3 0.00432777 0 ] [ 3 10 2 0.0029211 0 ] [ 4 5 1 0.0189149 0 ] [ 5 2 0 0.529792 0 ] [ SUM 51 10 0.559343 ] 0.56066
SLEUTH EMBEDDED UNORDERED /users/PAS0536/osu9965/Traffic/EventProcessing/tmp/input_harvey_texas_before_All_MinSup-0.05_MaxLen-50_newencoding.csv.db 0.0700005 603 42 [ 1 18 2 0.00110984 0 ] [ 2 4 3 0.00182724 0 ] [ 3 10 2 0.00140095 0 ] [ 4 5 0 0.0043149 0 ] [ SUM 37 7 0.00865293 ] 0.00967789
SLEUTH EMBEDDED UNORDERED /users/PAS0536/osu9965/Traffic/EventProcessing/tmp/input_harvey_texas_after_All_MinSup-0.05_MaxLen-50_newencoding.csv.db 0.056295 892 50 [ 1 18 2 0.00176692 0 ] [ 2 4 3 0.00323725 0 ] [ 3 10 2 0.00305295 0 ] [ 4 5 4 0.0199893 0 ] [ 5 11 0 0.286079 0 ] [ SUM 48 11 0.314126 ] 0.315765
SLEUTH EMBEDDED UNORDERED /users/PAS0536/osu9965/Traffic/EventProcessing/tmp/input_irma_florida_All_MinSup-0.05_MaxLen-50_newencoding.csv.db 0.120229 289 35 [ 1 18 7 0.000684977 0 ] [ 2 49 3 0.000703335 0 ] [ 3 6 0 0.000164986 0 ] [ SUM 73 10 0.0015533 ] 0.00279307
SLEUTH EMBEDDED UNORDERED /users/PAS0536/osu9965/Traffic/EventProcessing/tmp/input_irma_florida_before_All_MinSup-0.05_MaxLen-50_newencoding.csv.db 0.186422 123 23 [ 1 18 2 0.000375032 0 ] [ 2 4 2 0.000472784 0 ] [ 3 4 0 0.000575066 0 ] [ SUM 26 4 0.00142288 ] 0.0023241
SLEUTH EMBEDDED UNORDERED /users/PAS0536/osu9965/Traffic/EventProcessing/tmp/input_irma_florida_after_All_MinSup-0.05_MaxLen-50_newencoding.csv.db 0.0882352 441 39 [ 1 18 2 0.000938177 0 ] [ 2 4 1 0.00130391 0 ] [ 3 2 2 0.000463009 0 ] [ 4 5 0 0.00152206 0 ] [ SUM 29 5 0.00422716 ] 0.00538516
SLEUTH EMBEDDED UNORDERED /users/PAS0536/osu9965/Traffic/EventProcessing/tmp/input_ny_spring_All_MinSup-0.05_MaxLen-50_newencoding.csv.db 0.05 41165 2058 [ 1 18 7 0.033437 0 ] [ 2 49 5 0.0543075 0 ] [ 3 10 3 0.0314374 0 ] [ 4 7 0 0.19498 0 ] [ SUM 84 15 0.314162 ] 0.31792
SLEUTH EMBEDDED UNORDERED /users/PAS0536/osu9965/Traffic/EventProcessing/tmp/input_ny_summer_All_MinSup-0.05_MaxLen-50_newencoding.csv.db 0.05 44424 2221 [ 1 18 4 0.036097 0 ] [ 2 16 4 0.0572655 0 ] [ 3 12 3 0.0291152 0 ] [ 4 7 0 0.129184 0 ] [ SUM 53 11 0.251662 ] 0.255323
SLEUTH EMBEDDED UNORDERED /users/PAS0536/osu9965/Traffic/EventProcessing/tmp/input_ny_autumn_All_MinSup-0.05_MaxLen-50_newencoding.csv.db 0.05 35528 1776 [ 1 18 5 0.0284681 0 ] [ 2 25 5 0.0476091 0 ] [ 3 14 3 0.0191462 0 ] [ 4 7 0 0.0847561 0 ] [ SUM 64 13 0.17998 ] 0.182745
SLEUTH EMBEDDED UNORDERED /users/PAS0536/osu9965/Traffic/EventProcessing/tmp/input_ny_winter_All_MinSup-0.05_MaxLen-50_newencoding.csv.db 0.05 40909 2045 [ 1 18 7 0.0346439 0 ] [ 2 49 4 0.0565486 0 ] [ 3 8 3 0.0498757 0 ] [ 4 7 1 0.353382 0 ] [ 5 2 0 20.0793 0 ] [ SUM 84 15 20.5737 ] 20.6026
SLEUTH EMBEDDED UNORDERED /users/PAS0536/osu9965/Traffic/EventProcessing/tmp/input_tx_spring_All_MinSup-0.05_MaxLen-50_newencoding.csv.db 0.05 39462 1973 [ 1 18 5 0.031992 0 ] [ 2 25 2 0.0525289 0 ] [ 3 4 2 0.0251043 0 ] [ 4 5 0 0.102264 0 ] [ SUM 52 9 0.211889 ] 0.215423
SLEUTH EMBEDDED UNORDERED /users/PAS0536/osu9965/Traffic/EventProcessing/tmp/input_tx_summer_All_MinSup-0.05_MaxLen-50_newencoding.csv.db 0.05 50832 2542 [ 1 18 4 0.0396101 0 ] [ 2 16 2 0.0660942 0 ] [ 3 4 3 0.038188 0 ] [ 4 7 0 0.344622 0 ] [ SUM 45 9 0.488514 ] 0.493812
SLEUTH EMBEDDED UNORDERED /users/PAS0536/osu9965/Traffic/EventProcessing/tmp/input_tx_autumn_All_MinSup-0.05_MaxLen-50_newencoding.csv.db 0.05 37129 1856 [ 1 18 5 0.028877 0 ] [ 2 25 3 0.048542 0 ] [ 3 10 3 0.0363781 0 ] [ 4 7 0 0.29705 0 ] [ SUM 60 11 0.410847 ] 0.417003
SLEUTH EMBEDDED UNORDERED /users/PAS0536/osu9965/Traffic/EventProcessing/tmp/input_tx_winter_All_MinSup-0.05_MaxLen-50_newencoding.csv.db 0.05 39479 1974 [ 1 18 5 0.0314329 0 ] [ 2 25 4 0.051708 0 ] [ 3 12 3 0.0418882 0 ] [ 4 7 0 0.407504 0 ] [ SUM 62 12 0.532533 ] 0.537444
SLEUTH EMBEDDED UNORDERED /users/PAS0536/osu9965/Traffic/EventProcessing/tmp/input_fl_spring_All_MinSup-0.05_MaxLen-50_newencoding.csv.db 0.05 44548 2227 [ 1 18 4 0.0361969 0 ] [ 2 16 2 0.0563133 0 ] [ 3 4 3 0.028579 0 ] [ 4 7 0 0.177354 0 ] [ SUM 45 9 0.298443 ] 0.302804
SLEUTH EMBEDDED UNORDERED /users/PAS0536/osu9965/Traffic/EventProcessing/tmp/input_fl_summer_All_MinSup-0.05_MaxLen-50_newencoding.csv.db 0.05 58180 2909 [ 1 18 4 0.0474389 0 ] [ 2 16 3 0.0741646 0 ] [ 3 10 4 0.0532269 0 ] [ 4 10 1 0.391168 0 ] [ 5 2 0 15.9442 0 ] [ SUM 56 12 16.5102 ] 16.5345
SLEUTH EMBEDDED UNORDERED /users/PAS0536/osu9965/Traffic/EventProcessing/tmp/input_fl_autumn_All_MinSup-0.05_MaxLen-50_newencoding.csv.db 0.05 42274 2114 [ 1 18 4 0.0370159 0 ] [ 2 16 2 0.0544689 0 ] [ 3 4 3 0.028013 0 ] [ 4 7 0 0.221035 0 ] [ SUM 45 9 0.340532 ] 0.345271
SLEUTH EMBEDDED UNORDERED /users/PAS0536/osu9965/Traffic/EventProcessing/tmp/input_fl_winter_All_MinSup-0.05_MaxLen-50_newencoding.csv.db 0.05 45926 2296 [ 1 18 5 0.036617 0 ] [ 2 25 3 0.0656128 0 ] [ 3 6 2 0.026675 0 ] [ 4 5 0 0.0838959 0 ] [ SUM 54 10 0.212801 ] 0.216755
SLEUTH EMBEDDED UNORDERED /users/PAS0536/osu9965/Traffic/EventProcessing/tmp/input_ca_spring_All_MinSup-0.05_MaxLen-50_newencoding.csv.db 0.05 106623 5331 [ 1 18 5 0.137831 0 ] [ 2 25 5 0.198354 0 ] [ 3 14 2 0.217212 0 ] [ 4 5 3 0.854195 0 ] [ 5 7 0 22.9924 0 ] [ SUM 69 15 24.4 ] 24.4524
SLEUTH EMBEDDED UNORDERED /users/PAS0536/osu9965/Traffic/EventProcessing/tmp/input_ca_autumn_All_MinSup-0.05_MaxLen-50_newencoding.csv.db 0.05 89172 4459 [ 1 18 5 0.131127 0 ] [ 2 25 4 0.169941 0 ] [ 3 12 2 0.142935 0 ] [ 4 5 3 0.576569 0 ] [ 5 7 0 13.8389 0 ] [ SUM 67 14 14.8595 ] 14.9062
SLEUTH EMBEDDED UNORDERED /users/PAS0536/osu9965/Traffic/EventProcessing/tmp/input_ca_winter_All_MinSup-0.05_MaxLen-50_newencoding.csv.db 0.05 90340 4517 [ 1 18 6 0.122001 0 ] [ 2 36 6 0.137724 0 ] [ 3 20 3 0.133145 0 ] [ 4 7 0 0.682699 0 ] [ SUM 81 15 1.07557 ] 1.09116
SLEUTH EMBEDDED UNORDERED /users/PAS0536/osu9965/Traffic/EventProcessing/tmp/input_CA-LosAngeles_spring_All_MinSup-0.05_MaxLen-50_newencoding.csv.db 0.05 13122 656 [ 1 18 3 0.0201321 0 ] [ 2 9 3 0.0313308 0 ] [ 3 10 2 0.0229988 0 ] [ 4 5 4 0.0753551 0 ] [ 5 11 0 1.52644 0 ] [ SUM 53 12 1.67626 ] 1.68192
SLEUTH EMBEDDED UNORDERED /users/PAS0536/osu9965/Traffic/EventProcessing/tmp/input_CA-LosAngeles_summer_All_MinSup-0.05_MaxLen-50_newencoding.csv.db 0.05 13927 696 [ 1 18 3 0.024394 0 ] [ 2 9 3 0.037823 0 ] [ 3 10 3 0.0276632 0 ] [ 4 12 4 0.0965898 0 ] [ 5 11 0 0.978774 0 ] [ SUM 60 13 1.16524 ] 1.17146
SLEUTH EMBEDDED UNORDERED /users/PAS0536/osu9965/Traffic/EventProcessing/tmp/input_CA-LosAngeles_autumn_All_MinSup-0.05_MaxLen-50_newencoding.csv.db 0.05 10976 549 [ 1 18 3 0.019238 0 ] [ 2 9 3 0.0300119 0 ] [ 3 10 2 0.0160582 0 ] [ 4 5 3 0.0408468 0 ] [ 5 7 0 0.294707 0 ] [ SUM 49 11 0.400862 ] 0.404629
SLEUTH EMBEDDED UNORDERED /users/PAS0536/osu9965/Traffic/EventProcessing/tmp/input_CA-LosAngeles_winter_All_MinSup-0.05_MaxLen-50_newencoding.csv.db 0.05 10127 506 [ 1 18 3 0.017658 0 ] [ 2 9 3 0.0282452 0 ] [ 3 10 2 0.0149739 0 ] [ 4 5 2 0.0509629 0 ] [ 5 5 0 0.0425348 0 ] [ SUM 47 10 0.154375 ] 0.157421
SLEUTH EMBEDDED UNORDERED /users/PAS0536/osu9965/Traffic/EventProcessing/tmp/input_TX-Austin_spring_All_MinSup-0.05_MaxLen-50_newencoding.csv.db 0.0500026 2840 142 [ 1 18 3 0.00496197 0 ] [ 2 9 4 0.00763512 0 ] [ 3 16 2 0.00369 0 ] [ 4 5 0 0.00219893 0 ] [ SUM 48 9 0.018486 ] 0.0197771
SLEUTH EMBEDDED UNORDERED /users/PAS0536/osu9965/Traffic/EventProcessing/tmp/input_TX-Austin_summer_All_MinSup-0.05_MaxLen-50_newencoding.csv.db 0.0500003 3374 169 [ 1 18 3 0.0059638 0 ] [ 2 9 4 0.00976086 0 ] [ 3 16 2 0.0078156 0 ] [ 4 5 0 0.0132079 0 ] [ SUM 48 9 0.0367482 ] 0.0379438
SLEUTH EMBEDDED UNORDERED /users/PAS0536/osu9965/Traffic/EventProcessing/tmp/input_TX-Austin_autumn_All_MinSup-0.05_MaxLen-50_newencoding.csv.db 0.0500066 2607 130 [ 1 18 3 0.00450706 0 ] [ 2 9 3 0.00704885 0 ] [ 3 10 2 0.00211501 0 ] [ 4 5 0 0.00149894 0 ] [ SUM 42 8 0.0151699 ] 0.0161719
SLEUTH EMBEDDED UNORDERED /users/PAS0536/osu9965/Traffic/EventProcessing/tmp/input_TX-Austin_winter_All_MinSup-0.05_MaxLen-50_newencoding.csv.db 0.0500353 2188 109 [ 1 18 3 0.00399399 0 ] [ 2 9 4 0.00607491 0 ] [ 3 20 2 0.00126767 0 ] [ 4 5 0 0.000895977 0 ] [ SUM 52 9 0.0122325 ] 0.0133581
SLEUTH EMBEDDED UNORDERED /users/PAS0536/osu9965/Traffic/EventProcessing/tmp/input_IL-Chicago_spring_All_MinSup-0.05_MaxLen-50_newencoding.csv.db 0.05 5236 262 [ 1 18 2 0.00953197 0 ] [ 2 4 4 0.0145671 0 ] [ 3 16 2 0.00708914 0 ] [ 4 5 0 0.00591993 0 ] [ SUM 43 8 0.0371082 ] 0.0387979
SLEUTH EMBEDDED UNORDERED /users/PAS0536/osu9965/Traffic/EventProcessing/tmp/input_IL-Chicago_summer_All_MinSup-0.05_MaxLen-50_newencoding.csv.db 0.05 7648 382 [ 1 18 2 0.00730014 0 ] [ 2 4 4 0.0123279 0 ] [ 3 16 2 0.00883985 0 ] [ 4 5 2 0.0179858 0 ] [ 5 5 0 0.01862 0 ] [ SUM 48 10 0.0650737 ] 0.0670102
SLEUTH EMBEDDED UNORDERED /users/PAS0536/osu9965/Traffic/EventProcessing/tmp/input_IL-Chicago_autumn_All_MinSup-0.05_MaxLen-50_newencoding.csv.db 0.05 5593 280 [ 1 18 2 0.00994706 0 ] [ 2 4 4 0.0165741 0 ] [ 3 16 2 0.00857234 0 ] [ 4 5 0 0.013272 0 ] [ SUM 43 8 0.0483656 ] 0.050415
SLEUTH EMBEDDED UNORDERED /users/PAS0536/osu9965/Traffic/EventProcessing/tmp/input_IL-Chicago_winter_All_MinSup-0.05_MaxLen-50_newencoding.csv.db 0.05 4100 205 [ 1 18 2 0.00749779 0 ] [ 2 4 4 0.0120249 0 ] [ 3 16 2 0.00626087 0 ] [ 4 5 0 0.0243068 0 ] [ SUM 43 8 0.0500903 ] 0.051574
SLEUTH EMBEDDED UNORDERED /users/PAS0536/osu9965/Traffic/EventProcessing/tmp/input_FL-Miami_spring_All_MinSup-0.05_MaxLen-50_newencoding.csv.db 0.05 8518 426 [ 1 18 3 0.0150781 0 ] [ 2 9 3 0.0250597 0 ] [ 3 10 2 0.0135851 0 ] [ 4 5 3 0.0502818 0 ] [ 5 9 0 0.0812218 0 ] [ SUM 51 11 0.185226 ] 0.188251
SLEUTH EMBEDDED UNORDERED /users/PAS0536/osu9965/Traffic/EventProcessing/tmp/input_FL-Miami_summer_All_MinSup-0.05_MaxLen-50_newencoding.csv.db 0.05 8645 432 [ 1 18 3 0.015466 0 ] [ 2 9 3 0.0256252 0 ] [ 3 10 2 0.0136812 0 ] [ 4 5 4 0.039638 0 ] [ 5 11 0 0.403042 0 ] [ SUM 53 12 0.497452 ] 0.500893
SLEUTH EMBEDDED UNORDERED /users/PAS0536/osu9965/Traffic/EventProcessing/tmp/input_FL-Miami_autumn_All_MinSup-0.05_MaxLen-50_newencoding.csv.db 0.05 8747 437 [ 1 18 2 0.0142329 0 ] [ 2 4 3 0.02404 0 ] [ 3 10 2 0.0129719 0 ] [ 4 5 3 0.0391879 0 ] [ 5 9 0 0.041302 0 ] [ SUM 46 10 0.131735 ] 0.134406
SLEUTH EMBEDDED UNORDERED /users/PAS0536/osu9965/Traffic/EventProcessing/tmp/input_FL-Miami_winter_All_MinSup-0.05_MaxLen-50_newencoding.csv.db 0.05 8762 438 [ 1 18 3 0.013649 0 ] [ 2 9 3 0.023541 0 ] [ 3 10 2 0.0132229 0 ] [ 4 5 3 0.0432911 0 ] [ 5 9 0 0.057055 0 ] [ SUM 51 11 0.150759 ] 0.153754
SLEUTH EMBEDDED UNORDERED /users/PAS0536/osu9965/Traffic/EventProcessing/tmp/input_NY-NewYork_spring_All_MinSup-0.05_MaxLen-50_newencoding.csv.db 0.05 6207 310 [ 1 18 2 0.010566 0 ] [ 2 4 3 0.0164611 0 ] [ 3 10 2 0.00435209 0 ] [ 4 5 0 0.00776982 0 ] [ SUM 37 7 0.039149 ] 0.0409691
SLEUTH EMBEDDED UNORDERED /users/PAS0536/osu9965/Traffic/EventProcessing/tmp/input_NY-NewYork_summer_All_MinSup-0.05_MaxLen-50_newencoding.csv.db 0.05 7741 387 [ 1 18 2 0.0136139 0 ] [ 2 4 3 0.0203929 0 ] [ 3 10 2 0.00654221 0 ] [ 4 5 0 0.0116489 0 ] [ SUM 37 7 0.0521979 ] 0.0548151
SLEUTH EMBEDDED UNORDERED /users/PAS0536/osu9965/Traffic/EventProcessing/tmp/input_NY-NewYork_autumn_All_MinSup-0.05_MaxLen-50_newencoding.csv.db 0.05 7030 352 [ 1 18 2 0.0117369 0 ] [ 2 4 3 0.017792 0 ] [ 3 10 2 0.00609589 0 ] [ 4 5 0 0.012563 0 ] [ SUM 37 7 0.0481877 ] 0.0539351
SLEUTH EMBEDDED UNORDERED /users/PAS0536/osu9965/Traffic/EventProcessing/tmp/input_NY-NewYork_winter_All_MinSup-0.05_MaxLen-50_newencoding.csv.db 0.05 4894 245 [ 1 18 2 0.006984 0 ] [ 2 4 3 0.0111911 0 ] [ 3 10 2 0.0036571 0 ] [ 4 5 0 0.0134079 0 ] [ SUM 37 7 0.0352402 ] 0.0366399
SLEUTH EMBEDDED UNORDERED /users/PAS0536/osu9965/Traffic/EventProcessing/tmp/input_ca_summer_All_MinSup-0.05_MaxLen-50_newencoding.csv.db 0.05 117973 5899 [ 1 18 4 0.146395 0 ] [ 2 16 4 0.17822 0 ] [ 3 12 2 0.190181 0 ] [ 4 5 4 0.837647 0 ] [ 5 11 0 22.5629 0 ] [ SUM 62 14 23.9153 ] 23.9732
SLEUTH EMBEDDED UNORDERED /users/PAS0536/osu9965/Traffic/EventProcessing/tmp/input_CA-LosAngeles_spring_All_MinSup-0.05_MaxLen-50_newencoding.csv.db 0.05 14329 716 [ 1 18 5 0.0257671 0 ] [ 2 25 4 0.0381339 0 ] [ 3 12 2 0.0221293 0 ] [ 4 5 2 0.0728199 0 ] [ 5 5 0 0.0696697 0 ] [ SUM 65 13 0.22852 ] 0.231529
SLEUTH EMBEDDED UNORDERED /users/PAS0536/osu9965/Traffic/EventProcessing/tmp/input_CA-LosAngeles_summer_All_MinSup-0.05_MaxLen-50_newencoding.csv.db 0.05 15264 763 [ 1 18 4 0.028188 0 ] [ 2 16 4 0.0397844 0 ] [ 3 12 4 0.0289552 0 ] [ 4 14 3 0.135849 0 ] [ 5 7 0 0.692672 0 ] [ SUM 67 15 0.925449 ] 0.931383
SLEUTH EMBEDDED UNORDERED /users/PAS0536/osu9965/Traffic/EventProcessing/tmp/input_CA-LosAngeles_autumn_All_MinSup-0.05_MaxLen-50_newencoding.csv.db 0.05 11699 585 [ 1 18 4 0.0208101 0 ] [ 2 16 4 0.0309017 0 ] [ 3 12 2 0.0161321 0 ] [ 4 5 2 0.0432203 0 ] [ 5 5 0 0.02686 0 ] [ SUM 56 12 0.137924 ] 0.140769
SLEUTH EMBEDDED UNORDERED /users/PAS0536/osu9965/Traffic/EventProcessing/tmp/input_CA-LosAngeles_winter_All_MinSup-0.05_MaxLen-50_newencoding.csv.db 0.05 12218 611 [ 1 18 5 0.0224712 0 ] [ 2 25 5 0.0299823 0 ] [ 3 14 3 0.0164731 0 ] [ 4 7 0 0.0798712 0 ] [ SUM 64 13 0.148798 ] 0.150633
SLEUTH EMBEDDED UNORDERED /users/PAS0536/osu9965/Traffic/EventProcessing/tmp/input_TX-Austin_spring_All_MinSup-0.05_MaxLen-50_newencoding.csv.db 0.0500001 3563 178 [ 1 18 4 0.00664902 0 ] [ 2 16 6 0.00960207 0 ] [ 3 24 2 0.00518179 0 ] [ 4 5 0 0.00193501 0 ] [ SUM 63 12 0.0233679 ] 0.024646
SLEUTH EMBEDDED UNORDERED /users/PAS0536/osu9965/Traffic/EventProcessing/tmp/input_TX-Austin_summer_All_MinSup-0.05_MaxLen-50_newencoding.csv.db 0.05 4680 234 [ 1 18 5 0.00867581 0 ] [ 2 25 6 0.012876 0 ] [ 3 24 2 0.00885892 0 ] [ 4 5 0 0.013206 0 ] [ SUM 72 13 0.0436168 ] 0.0451899
SLEUTH EMBEDDED UNORDERED /users/PAS0536/osu9965/Traffic/EventProcessing/tmp/input_TX-Austin_autumn_All_MinSup-0.05_MaxLen-50_newencoding.csv.db 0.0500002 3528 176 [ 1 18 6 0.00665998 0 ] [ 2 36 5 0.0093329 0 ] [ 3 18 3 0.00346589 0 ] [ 4 7 0 0.0145729 0 ] [ SUM 79 14 0.0340316 ] 0.0355639
SLEUTH EMBEDDED UNORDERED /users/PAS0536/osu9965/Traffic/EventProcessing/tmp/input_TX-Austin_winter_All_MinSup-0.05_MaxLen-50_newencoding.csv.db 0.0500002 3433 172 [ 1 18 5 0.006423 0 ] [ 2 25 4 0.00838399 0 ] [ 3 12 3 0.00261593 0 ] [ 4 10 0 0.0140197 0 ] [ SUM 65 12 0.0314426 ] 0.0326231
SLEUTH EMBEDDED UNORDERED /users/PAS0536/osu9965/Traffic/EventProcessing/tmp/input_FL-Miami_spring_All_MinSup-0.05_MaxLen-50_newencoding.csv.db 0.05 9500 475 [ 1 18 4 0.016896 0 ] [ 2 16 4 0.0245621 0 ] [ 3 12 2 0.0162461 0 ] [ 4 5 2 0.049813 0 ] [ 5 5 0 0.0519271 0 ] [ SUM 56 12 0.159444 ] 0.162236
SLEUTH EMBEDDED UNORDERED /users/PAS0536/osu9965/Traffic/EventProcessing/tmp/input_FL-Miami_summer_All_MinSup-0.05_MaxLen-50_newencoding.csv.db 0.05 11602 580 [ 1 18 4 0.0210121 0 ] [ 2 16 3 0.026947 0 ] [ 3 10 4 0.0142548 0 ] [ 4 10 1 0.103572 0 ] [ 5 2 0 2.03767 0 ] [ SUM 56 12 2.20346 ] 2.20929
SLEUTH EMBEDDED UNORDERED /users/PAS0536/osu9965/Traffic/EventProcessing/tmp/input_FL-Miami_autumn_All_MinSup-0.05_MaxLen-50_newencoding.csv.db 0.05 10600 530 [ 1 18 4 0.0192702 0 ] [ 2 16 4 0.0260682 0 ] [ 3 12 3 0.0134041 0 ] [ 4 7 0 0.064878 0 ] [ SUM 53 11 0.123621 ] 0.125957
SLEUTH EMBEDDED UNORDERED /users/PAS0536/osu9965/Traffic/EventProcessing/tmp/input_FL-Miami_winter_All_MinSup-0.05_MaxLen-50_newencoding.csv.db 0.05 9492 475 [ 1 18 4 0.0167861 0 ] [ 2 16 4 0.0263391 0 ] [ 3 12 2 0.0149269 0 ] [ 4 5 3 0.042366 0 ] [ 5 9 0 0.05128 0 ] [ SUM 60 13 0.151698 ] 0.154941
SLEUTH EMBEDDED UNORDERED /users/PAS0536/osu9965/Traffic/EventProcessing/tmp/input_IL-Chicago_spring_All_MinSup-0.05_MaxLen-50_newencoding.csv.db 0.05 6940 347 [ 1 18 4 0.0130811 0 ] [ 2 16 5 0.0165224 0 ] [ 3 14 3 0.00889015 0 ] [ 4 7 1 0.0426543 0 ] [ 5 2 0 0.727934 0 ] [ SUM 57 13 0.809082 ] 0.812197
SLEUTH EMBEDDED UNORDERED /users/PAS0536/osu9965/Traffic/EventProcessing/tmp/input_IL-Chicago_summer_All_MinSup-0.05_MaxLen-50_newencoding.csv.db 0.05 9322 466 [ 1 18 3 0.016772 0 ] [ 2 9 5 0.023459 0 ] [ 3 18 3 0.0149641 0 ] [ 4 7 0 0.0473537 0 ] [ SUM 52 11 0.102549 ] 0.105179
SLEUTH EMBEDDED UNORDERED /users/PAS0536/osu9965/Traffic/EventProcessing/tmp/input_IL-Chicago_autumn_All_MinSup-0.05_MaxLen-50_newencoding.csv.db 0.05 7001 350 [ 1 18 3 0.012569 0 ] [ 2 9 5 0.0162487 0 ] [ 3 18 3 0.010529 0 ] [ 4 7 1 0.0823209 0 ] [ 5 2 0 3.59968 0 ] [ SUM 54 12 3.72134 ] 3.72696
SLEUTH EMBEDDED UNORDERED /users/PAS0536/osu9965/Traffic/EventProcessing/tmp/input_NY-NewYork_spring_All_MinSup-0.05_MaxLen-50_newencoding.csv.db 0.05 7558 378 [ 1 18 4 0.0136971 0 ] [ 2 16 5 0.0185401 0 ] [ 3 14 3 0.01017 0 ] [ 4 7 1 0.0842621 0 ] [ 5 2 0 3.42601 0 ] [ SUM 57 13 3.55268 ] 3.55834
SLEUTH EMBEDDED UNORDERED /users/PAS0536/osu9965/Traffic/EventProcessing/tmp/input_NY-NewYork_summer_All_MinSup-0.05_MaxLen-50_newencoding.csv.db 0.05 9092 455 [ 1 18 4 0.0162699 0 ] [ 2 16 5 0.022531 0 ] [ 3 14 3 0.00934792 0 ] [ 4 7 0 0.0376818 0 ] [ SUM 55 12 0.0858307 ] 0.0877042
SLEUTH EMBEDDED UNORDERED /users/PAS0536/osu9965/Traffic/EventProcessing/tmp/input_NY-NewYork_autumn_All_MinSup-0.05_MaxLen-50_newencoding.csv.db 0.05 8206 410 [ 1 18 3 0.0140698 0 ] [ 2 9 4 0.0197477 0 ] [ 3 12 3 0.00805497 0 ] [ 4 7 0 0.035969 0 ] [ SUM 46 10 0.0778415 ] 0.0799541
SLEUTH EMBEDDED UNORDERED /users/PAS0536/osu9965/Traffic/EventProcessing/tmp/input_NY-NewYork_winter_All_MinSup-0.05_MaxLen-50_newencoding.csv.db 0.05 5927 296 [ 1 18 5 0.010977 0 ] [ 2 25 6 0.015521 0 ] [ 3 16 3 0.00814509 0 ] [ 4 7 0 0.0270739 0 ] [ SUM 66 14 0.061717 ] 0.063684
SLEUTH EMBEDDED UNORDERED /users/PAS0536/osu9965/Traffic/EventProcessing/tmp/input_IL-Chicago_winter_All_MinSup-0.1_MaxLen-50_newencoding.csv.db 0.1 6322 632 [ 1 18 4 0.011358 0 ] [ 2 16 3 0.0150976 0 ] [ 3 6 1 0.0106618 0 ] [ 4 2 0 0.0817471 0 ] [ SUM 42 8 0.118865 ] 0.120474
SLEUTH EMBEDDED UNORDERED /users/PAS0536/osu9965/Traffic/EventProcessing/tmp/input_IL-Chicago_winter_All_MinSup-0.06_MaxLen-50_newencoding.csv.db 0.06 6322 379 [ 1 18 5 0.011956 0 ] [ 2 25 5 0.0157092 0 ] [ 3 10 4 0.0105758 0 ] [ 4 9 1 0.0905991 0 ] [ 5 2 0 2.66037 0 ] [ SUM 64 15 2.78921 ] 2.79397
SLEUTH EMBEDDED UNORDERED /users/PAS0536/osu9965/Traffic/EventProcessing/tmp/input_CA-LosAngeles_spring_All_MinSup-0.2_MaxLen-50_newencoding.csv.db 0.2 14329 2866 [ 1 18 1 0.025979 0 ] [ 2 1 1 0.0354991 0 ] [ 3 2 0 0.0175121 0 ] [ SUM 21 2 0.0789902 ] 0.080832
SLEUTH EMBEDDED UNORDERED /users/PAS0536/osu9965/Traffic/EventProcessing/tmp/input_CA-LosAngeles_summer_All_MinSup-0.2_MaxLen-50_newencoding.csv.db 0.2 15264 3053 [ 1 18 1 0.0278089 0 ] [ 2 1 1 0.0372598 0 ] [ 3 2 0 0.0217788 0 ] [ SUM 21 2 0.0868475 ] 0.0889201
SLEUTH EMBEDDED UNORDERED /users/PAS0536/osu9965/Traffic/EventProcessing/tmp/input_CA-LosAngeles_autumn_All_MinSup-0.2_MaxLen-50_newencoding.csv.db 0.2 11699 2340 [ 1 18 1 0.0206189 0 ] [ 2 1 1 0.0288448 0 ] [ 3 2 0 0.0131059 0 ] [ SUM 21 2 0.0625696 ] 0.064563
SLEUTH EMBEDDED UNORDERED /users/PAS0536/osu9965/Traffic/EventProcessing/tmp/input_CA-LosAngeles_winter_All_MinSup-0.2_MaxLen-50_newencoding.csv.db 0.2 12218 2444 [ 1 18 1 0.0220389 0 ] [ 2 1 1 0.0298488 0 ] [ 3 2 0 0.0126719 0 ] [ SUM 21 2 0.0645597 ] 0.0671058
SLEUTH EMBEDDED UNORDERED /users/PAS0536/osu9965/Traffic/EventProcessing/tmp/input_TX-Austin_spring_All_MinSup-0.2_MaxLen-50_newencoding.csv.db 0.2 3563 713 [ 1 18 2 0.00633693 0 ] [ 2 4 1 0.00844121 0 ] [ 3 2 0 0.00134301 0 ] [ SUM 24 3 0.0161211 ] 0.0173919
SLEUTH EMBEDDED UNORDERED /users/PAS0536/osu9965/Traffic/EventProcessing/tmp/input_TX-Austin_summer_All_MinSup-0.2_MaxLen-50_newencoding.csv.db 0.2 4680 936 [ 1 18 2 0.00873709 0 ] [ 2 4 1 0.0114923 0 ] [ 3 2 0 0.0026269 0 ] [ SUM 24 3 0.0228562 ] 0.024039
SLEUTH EMBEDDED UNORDERED /users/PAS0536/osu9965/Traffic/EventProcessing/tmp/input_TX-Austin_autumn_All_MinSup-0.2_MaxLen-50_newencoding.csv.db 0.2 3528 706 [ 1 18 3 0.00614119 0 ] [ 2 9 1 0.00792909 0 ] [ 3 2 0 0.00070715 0 ] [ SUM 29 4 0.0147774 ] 0.0157409
SLEUTH EMBEDDED UNORDERED /users/PAS0536/osu9965/Traffic/EventProcessing/tmp/input_TX-Austin_winter_All_MinSup-0.2_MaxLen-50_newencoding.csv.db 0.2 3433 687 [ 1 18 3 0.00589395 0 ] [ 2 9 1 0.00766587 0 ] [ 3 2 0 0.000650883 0 ] [ SUM 29 4 0.0142107 ] 0.0151861
SLEUTH EMBEDDED UNORDERED /users/PAS0536/osu9965/Traffic/EventProcessing/tmp/input_FL-Miami_spring_All_MinSup-0.2_MaxLen-50_newencoding.csv.db 0.2 9500 1900 [ 1 18 1 0.0161819 0 ] [ 2 1 1 0.022917 0 ] [ 3 2 0 0.0129521 0 ] [ SUM 21 2 0.0520511 ] 0.0535741
SLEUTH EMBEDDED UNORDERED /users/PAS0536/osu9965/Traffic/EventProcessing/tmp/input_FL-Miami_summer_All_MinSup-0.2_MaxLen-50_newencoding.csv.db 0.2 11602 2320 [ 1 18 2 0.0202031 0 ] [ 2 4 2 0.0269599 0 ] [ 3 4 0 0.0180428 0 ] [ SUM 26 4 0.0652058 ] 0.0664949
SLEUTH EMBEDDED UNORDERED /users/PAS0536/osu9965/Traffic/EventProcessing/tmp/input_FL-Miami_autumn_All_MinSup-0.2_MaxLen-50_newencoding.csv.db 0.2 10600 2120 [ 1 18 2 0.0177081 0 ] [ 2 4 2 0.0246439 0 ] [ 3 4 0 0.014122 0 ] [ SUM 26 4 0.056474 ] 0.0581779
SLEUTH EMBEDDED UNORDERED /users/PAS0536/osu9965/Traffic/EventProcessing/tmp/input_FL-Miami_winter_All_MinSup-0.2_MaxLen-50_newencoding.csv.db 0.2 9492 1898 [ 1 18 1 0.0170431 0 ] [ 2 1 1 0.026027 0 ] [ 3 2 1 0.01249 0 ] [ 4 2 0 0.00831604 0 ] [ SUM 23 3 0.0638762 ] 0.0654209
SLEUTH EMBEDDED UNORDERED /users/PAS0536/osu9965/Traffic/EventProcessing/tmp/input_IL-Chicago_spring_All_MinSup-0.2_MaxLen-50_newencoding.csv.db 0.2 6940 1388 [ 1 18 2 0.01301 0 ] [ 2 4 2 0.016995 0 ] [ 3 4 0 0.00772333 0 ] [ SUM 26 4 0.0377283 ] 0.0390432
SLEUTH EMBEDDED UNORDERED /users/PAS0536/osu9965/Traffic/EventProcessing/tmp/input_IL-Chicago_summer_All_MinSup-0.2_MaxLen-50_newencoding.csv.db 0.2 9322 1864 [ 1 18 2 0.016633 0 ] [ 2 4 2 0.0229309 0 ] [ 3 4 0 0.011878 0 ] [ SUM 26 4 0.0514419 ] 0.053308
SLEUTH EMBEDDED UNORDERED /users/PAS0536/osu9965/Traffic/EventProcessing/tmp/input_IL-Chicago_autumn_All_MinSup-0.2_MaxLen-50_newencoding.csv.db 0.2 7001 1400 [ 1 18 3 0.0128448 0 ] [ 2 9 2 0.0174482 0 ] [ 3 4 0 0.0114622 0 ] [ SUM 31 5 0.0417552 ] 0.0434711
SLEUTH EMBEDDED UNORDERED /users/PAS0536/osu9965/Traffic/EventProcessing/tmp/input_IL-Chicago_winter_All_MinSup-0.2_MaxLen-50_newencoding.csv.db 0.2 6322 1264 [ 1 18 2 0.01194 0 ] [ 2 4 2 0.0159307 0 ] [ 3 4 0 0.0106969 0 ] [ SUM 26 4 0.0385675 ] 0.0400789
SLEUTH EMBEDDED UNORDERED /users/PAS0536/osu9965/Traffic/EventProcessing/tmp/input_NY-NewYork_spring_All_MinSup-0.2_MaxLen-50_newencoding.csv.db 0.2 7558 1512 [ 1 18 1 0.0137551 0 ] [ 2 1 1 0.0189788 0 ] [ 3 2 0 0.00312304 0 ] [ SUM 21 2 0.035857 ] 0.0372789
SLEUTH EMBEDDED UNORDERED /users/PAS0536/osu9965/Traffic/EventProcessing/tmp/input_NY-NewYork_summer_All_MinSup-0.2_MaxLen-50_newencoding.csv.db 0.2 9092 1818 [ 1 18 1 0.016068 0 ] [ 2 1 1 0.0216553 0 ] [ 3 2 0 0.00468707 0 ] [ SUM 21 2 0.0424104 ] 0.0437698
SLEUTH EMBEDDED UNORDERED /users/PAS0536/osu9965/Traffic/EventProcessing/tmp/input_NY-NewYork_autumn_All_MinSup-0.2_MaxLen-50_newencoding.csv.db 0.2 8206 1641 [ 1 18 1 0.01439 0 ] [ 2 1 1 0.020303 0 ] [ 3 2 0 0.00443602 0 ] [ SUM 21 2 0.039129 ] 0.0405681
SLEUTH EMBEDDED UNORDERED /users/PAS0536/osu9965/Traffic/EventProcessing/tmp/input_NY-NewYork_winter_All_MinSup-0.2_MaxLen-50_newencoding.csv.db 0.2 5927 1185 [ 1 18 1 0.0108171 0 ] [ 2 1 1 0.0143549 0 ] [ 3 2 0 0.002671 0 ] [ SUM 21 2 0.027843 ] 0.029036
SLEUTH INDUCED UNORDERED /users/PAS0536/osu9965/Traffic/EventProcessing/tmp/input_CA-LosAngeles_spring_All_MinSup-0.05_MaxLen-50_newencoding.csv.db 0.05 14329 716 [ 1 18 5 0.025825 0 ] [ 2 25 4 0.0375667 0 ] [ 3 12 2 0.0223513 0 ] [ 4 5 2 0.0736346 0 ] [ 5 5 0 0.0720682 0 ] [ SUM 65 13 0.231446 ] 0.23448
SLEUTH INDUCED UNORDERED /users/PAS0536/osu9965/Traffic/EventProcessing/tmp/input_CA-LosAngeles_summer_All_MinSup-0.05_MaxLen-50_newencoding.csv.db 0.05 15264 763 [ 1 18 4 0.027597 0 ] [ 2 16 4 0.039628 0 ] [ 3 12 3 0.0295503 0 ] [ 4 10 2 0.131828 0 ] [ 5 5 0 0.0499771 0 ] [ SUM 61 13 0.27858 ] 0.283872
SLEUTH INDUCED UNORDERED /users/PAS0536/osu9965/Traffic/EventProcessing/tmp/input_CA-LosAngeles_autumn_All_MinSup-0.05_MaxLen-50_newencoding.csv.db 0.05 11699 585 [ 1 18 4 0.021539 0 ] [ 2 16 4 0.0313559 0 ] [ 3 12 2 0.016289 0 ] [ 4 5 2 0.043817 0 ] [ 5 5 0 0.027611 0 ] [ SUM 56 12 0.140612 ] 0.143177
SLEUTH INDUCED UNORDERED /users/PAS0536/osu9965/Traffic/EventProcessing/tmp/input_CA-LosAngeles_winter_All_MinSup-0.05_MaxLen-50_newencoding.csv.db 0.05 12218 611 [ 1 18 5 0.021667 0 ] [ 2 25 5 0.0293217 0 ] [ 3 14 3 0.0161521 0 ] [ 4 7 0 0.0782011 0 ] [ SUM 64 13 0.145342 ] 0.147179
SLEUTH INDUCED UNORDERED /users/PAS0536/osu9965/Traffic/EventProcessing/tmp/input_TX-Austin_spring_All_MinSup-0.05_MaxLen-50_newencoding.csv.db 0.0500001 3563 178 [ 1 18 4 0.006212 0 ] [ 2 16 5 0.00904608 0 ] [ 3 20 2 0.00413179 0 ] [ 4 5 0 0.00179291 0 ] [ SUM 59 11 0.0211828 ] 0.0223529
SLEUTH INDUCED UNORDERED /users/PAS0536/osu9965/Traffic/EventProcessing/tmp/input_TX-Austin_summer_All_MinSup-0.05_MaxLen-50_newencoding.csv.db 0.05 4680 234 [ 1 18 5 0.00757599 0 ] [ 2 25 5 0.011277 0 ] [ 3 20 2 0.00613451 0 ] [ 4 5 0 0.011941 0 ] [ SUM 68 12 0.0369284 ] 0.038265
SLEUTH INDUCED UNORDERED /users/PAS0536/osu9965/Traffic/EventProcessing/tmp/input_TX-Austin_autumn_All_MinSup-0.05_MaxLen-50_newencoding.csv.db 0.0500002 3528 176 [ 1 18 6 0.00666213 0 ] [ 2 36 5 0.00937176 0 ] [ 3 18 3 0.00343919 0 ] [ 4 7 0 0.0144107 0 ] [ SUM 79 14 0.0338838 ] 0.0353079
SLEUTH INDUCED UNORDERED /users/PAS0536/osu9965/Traffic/EventProcessing/tmp/input_TX-Austin_winter_All_MinSup-0.05_MaxLen-50_newencoding.csv.db 0.0500002 3433 172 [ 1 18 5 0.00640297 0 ] [ 2 25 4 0.00849462 0 ] [ 3 12 2 0.00269532 0 ] [ 4 6 0 0.0103068 0 ] [ SUM 61 11 0.0278997 ] 0.0290589
SLEUTH INDUCED UNORDERED /users/PAS0536/osu9965/Traffic/EventProcessing/tmp/input_FL-Miami_spring_All_MinSup-0.05_MaxLen-50_newencoding.csv.db 0.05 9500 475 [ 1 18 4 0.016861 0 ] [ 2 16 4 0.0241945 0 ] [ 3 12 2 0.0158341 0 ] [ 4 5 2 0.0488582 0 ] [ 5 5 0 0.052072 0 ] [ SUM 56 12 0.15782 ] 0.160189
SLEUTH INDUCED UNORDERED /users/PAS0536/osu9965/Traffic/EventProcessing/tmp/input_FL-Miami_summer_All_MinSup-0.05_MaxLen-50_newencoding.csv.db 0.05 11602 580 [ 1 18 4 0.0214651 0 ] [ 2 16 3 0.0283213 0 ] [ 3 10 4 0.0146158 0 ] [ 4 10 1 0.106669 0 ] [ 5 2 0 2.11281 0 ] [ SUM 56 12 2.28388 ] 2.29532
SLEUTH INDUCED UNORDERED /users/PAS0536/osu9965/Traffic/EventProcessing/tmp/input_FL-Miami_autumn_All_MinSup-0.05_MaxLen-50_newencoding.csv.db 0.05 10600 530 [ 1 18 4 0.010402 0 ] [ 2 16 4 0.0156498 0 ] [ 3 12 3 0.00853205 0 ] [ 4 7 0 0.042695 0 ] [ SUM 53 11 0.0772789 ] 0.078763
SLEUTH INDUCED UNORDERED /users/PAS0536/osu9965/Traffic/EventProcessing/tmp/input_FL-Miami_winter_All_MinSup-0.05_MaxLen-50_newencoding.csv.db 0.05 9492 475 [ 1 18 4 0.016737 0 ] [ 2 16 4 0.0265644 0 ] [ 3 12 2 0.0148678 0 ] [ 4 5 2 0.0421591 0 ] [ 5 5 0 0.041615 0 ] [ SUM 56 12 0.141943 ] 0.144777
SLEUTH INDUCED UNORDERED /users/PAS0536/osu9965/Traffic/EventProcessing/tmp/input_IL-Chicago_spring_All_MinSup-0.05_MaxLen-50_newencoding.csv.db 0.05 6940 347 [ 1 18 4 0.01333 0 ] [ 2 16 5 0.0168231 0 ] [ 3 14 3 0.00912023 0 ] [ 4 7 1 0.0434489 0 ] [ 5 2 0 0.723003 0 ] [ SUM 57 13 0.805725 ] 0.808473
SLEUTH INDUCED UNORDERED /users/PAS0536/osu9965/Traffic/EventProcessing/tmp/input_IL-Chicago_summer_All_MinSup-0.05_MaxLen-50_newencoding.csv.db 0.05 9322 466 [ 1 18 3 0.0168719 0 ] [ 2 9 4 0.0237 0 ] [ 3 14 3 0.0132987 0 ] [ 4 7 0 0.047756 0 ] [ SUM 48 10 0.101627 ] 0.103873
SLEUTH INDUCED UNORDERED /users/PAS0536/osu9965/Traffic/EventProcessing/tmp/input_IL-Chicago_autumn_All_MinSup-0.05_MaxLen-50_newencoding.csv.db 0.05 7001 350 [ 1 18 3 0.0129571 0 ] [ 2 9 4 0.016916 0 ] [ 3 14 3 0.0104091 0 ] [ 4 7 1 0.0840929 0 ] [ 5 2 0 3.59964 0 ] [ SUM 50 11 3.72401 ] 3.72947
SLEUTH INDUCED UNORDERED /users/PAS0536/osu9965/Traffic/EventProcessing/tmp/input_IL-Chicago_winter_All_MinSup-0.06_MaxLen-50_newencoding.csv.db 0.06 6322 379 [ 1 18 5 0.012085 0 ] [ 2 25 5 0.0158534 0 ] [ 3 10 4 0.010746 0 ] [ 4 9 1 0.0902071 0 ] [ 5 2 0 2.67741 0 ] [ SUM 64 15 2.8063 ] 2.81198
SLEUTH INDUCED UNORDERED /users/PAS0536/osu9965/Traffic/EventProcessing/tmp/input_NY-NewYork_spring_All_MinSup-0.05_MaxLen-50_newencoding.csv.db 0.05 7558 378 [ 1 18 4 0.011184 0 ] [ 2 16 5 0.015645 0 ] [ 3 14 3 0.00922537 0 ] [ 4 7 0 0.0749772 0 ] [ SUM 55 12 0.111032 ] 0.114754
SLEUTH INDUCED UNORDERED /users/PAS0536/osu9965/Traffic/EventProcessing/tmp/input_NY-NewYork_summer_All_MinSup-0.05_MaxLen-50_newencoding.csv.db 0.05 9092 455 [ 1 18 4 0.0131269 0 ] [ 2 16 5 0.019124 0 ] [ 3 14 3 0.0081861 0 ] [ 4 7 0 0.033406 0 ] [ SUM 55 12 0.073843 ] 0.075279
SLEUTH INDUCED UNORDERED /users/PAS0536/osu9965/Traffic/EventProcessing/tmp/input_NY-NewYork_autumn_All_MinSup-0.05_MaxLen-50_newencoding.csv.db 0.05 8206 410 [ 1 18 3 0.014384 0 ] [ 2 9 4 0.0199833 0 ] [ 3 12 3 0.0081768 0 ] [ 4 7 0 0.0360901 0 ] [ SUM 46 10 0.0786343 ] 0.0805821
SLEUTH INDUCED UNORDERED /users/PAS0536/osu9965/Traffic/EventProcessing/tmp/input_NY-NewYork_winter_All_MinSup-0.05_MaxLen-50_newencoding.csv.db 0.05 5927 296 [ 1 18 5 0.0107222 0 ] [ 2 25 6 0.0148921 0 ] [ 3 16 3 0.00813198 0 ] [ 4 7 0 0.027015 0 ] [ SUM 66 14 0.0607612 ] 0.0625591
SLEUTH EMBEDDED UNORDERED /users/PAS0536/osu9965/Traffic/EventProcessing/tmp/input_CA-LosAngeles_spring_All_MinSup-0.02_MaxLen-25_newencoding.csv.db 0.02 14241 285 [ 1 18 7 0.0251219 0 ] [ 2 49 8 0.0367141 0 ] [ 3 32 6 0.0194457 0 ] [ 4 24 5 0.054821 0 ] [ 5 13 5 0.196753 0 ] [ 6 11 0 1.08413 0 ] [ SUM 147 31 1.41699 ] 1.42409
SLEUTH EMBEDDED UNORDERED /users/PAS0536/osu9965/Traffic/EventProcessing/tmp/input_CA-LosAngeles_summer_All_MinSup-0.02_MaxLen-25_newencoding.csv.db 0.02 15144 303 [ 1 18 6 0.027209 0 ] [ 2 36 8 0.0402098 0 ] [ 3 36 9 0.0235589 0 ] [ 4 37 7 0.0743046 0 ] [ 5 21 6 0.377068 0 ] [ 6 13 0 5.93412 0 ] [ SUM 161 36 6.47647 ] 6.49572
SLEUTH EMBEDDED UNORDERED /users/PAS0536/osu9965/Traffic/EventProcessing/tmp/input_CA-LosAngeles_autumn_All_MinSup-0.02_MaxLen-25_newencoding.csv.db 0.02 11675 234 [ 1 18 7 0.020746 0 ] [ 2 49 8 0.0317976 0 ] [ 3 32 7 0.0160789 0 ] [ 4 27 4 0.03935 0 ] [ 5 11 3 0.112172 0 ] [ 6 7 0 0.0473349 0 ] [ SUM 144 29 0.26748 ] 0.272441
SLEUTH EMBEDDED UNORDERED /users/PAS0536/osu9965/Traffic/EventProcessing/tmp/input_CA-LosAngeles_winter_All_MinSup-0.02_MaxLen-25_newencoding.csv.db 0.02 12148 243 [ 1 18 7 0.0210929 0 ] [ 2 49 10 0.0276492 0 ] [ 3 48 5 0.0115442 0 ] [ 4 16 6 0.0362515 0 ] [ 5 15 0 0.292787 0 ] [ SUM 146 28 0.389325 ] 0.393374
SLEUTH EMBEDDED UNORDERED /users/PAS0536/osu9965/Traffic/EventProcessing/tmp/input_TX-Austin_spring_All_MinSup-0.02_MaxLen-25_newencoding.csv.db 0.0200001 3555 71 [ 1 18 8 0.00666809 0 ] [ 2 64 9 0.00979114 0 ] [ 3 46 8 0.00438309 0 ] [ 4 32 2 0.0108552 0 ] [ 5 5 0 0.000661135 0 ] [ SUM 165 27 0.0323586 ] 0.034097
SLEUTH EMBEDDED UNORDERED /users/PAS0536/osu9965/Traffic/EventProcessing/tmp/input_TX-Austin_summer_All_MinSup-0.02_MaxLen-25_newencoding.csv.db 0.02 4659 93 [ 1 18 8 0.00869989 0 ] [ 2 64 8 0.0127409 0 ] [ 3 44 9 0.00656724 0 ] [ 4 36 2 0.019341 0 ] [ 5 5 0 0.00170684 0 ] [ SUM 167 27 0.0490558 ] 0.051101
SLEUTH EMBEDDED UNORDERED /users/PAS0536/osu9965/Traffic/EventProcessing/tmp/input_TX-Austin_autumn_All_MinSup-0.02_MaxLen-25_newencoding.csv.db 0.0200002 3514 70 [ 1 18 7 0.00661707 0 ] [ 2 49 11 0.00854492 0 ] [ 3 54 6 0.00285673 0 ] [ 4 24 1 0.00827622 0 ] [ 5 2 1 0.045429 0 ] [ 6 2 0 0.478885 0 ] [ SUM 149 26 0.550609 ] 0.552723
SLEUTH EMBEDDED UNORDERED /users/PAS0536/osu9965/Traffic/EventProcessing/tmp/input_TX-Austin_winter_All_MinSup-0.02_MaxLen-25_newencoding.csv.db 0.0200003 3420 68 [ 1 18 8 0.00585604 0 ] [ 2 64 9 0.00845671 0 ] [ 3 38 6 0.00233603 0 ] [ 4 19 2 0.00569201 0 ] [ 5 8 0 0.0217671 0 ] [ SUM 147 25 0.0441079 ] 0.04584
SLEUTH EMBEDDED UNORDERED /users/PAS0536/osu9965/Traffic/EventProcessing/tmp/input_FL-Miami_spring_All_MinSup-0.02_MaxLen-25_newencoding.csv.db 0.02 9485 190 [ 1 18 4 0.016746 0 ] [ 2 16 6 0.021606 0 ] [ 3 28 4 0.00719571 0 ] [ 4 14 5 0.0246444 0 ] [ 5 13 2 0.150534 0 ] [ 6 4 0 0.00324321 0 ] [ SUM 93 21 0.223969 ] 0.227137
SLEUTH EMBEDDED UNORDERED /users/PAS0536/osu9965/Traffic/EventProcessing/tmp/input_CA-LosAngeles_spring_All_MinSup-0.02_MaxLen-25_newencoding.csv.db 0.02 14241 285 [ 1 18 7 0.02514 0 ] [ 2 49 8 0.0375454 0 ] [ 3 32 6 0.0194957 0 ] [ 4 24 5 0.0552866 0 ] [ 5 13 5 0.19692 0 ] [ 6 11 0 1.08163 0 ] [ SUM 147 31 1.41602 ] 1.42282
SLEUTH EMBEDDED UNORDERED /users/PAS0536/osu9965/Traffic/EventProcessing/tmp/input_CA-LosAngeles_summer_All_MinSup-0.02_MaxLen-25_newencoding.csv.db 0.02 15144 303 [ 1 18 6 0.027041 0 ] [ 2 36 8 0.040626 0 ] [ 3 36 9 0.023659 0 ] [ 4 37 7 0.0741239 0 ] [ 5 21 6 0.374802 0 ] [ 6 13 0 5.93432 0 ] [ SUM 161 36 6.47458 ] 6.49325
SLEUTH EMBEDDED UNORDERED /users/PAS0536/osu9965/Traffic/EventProcessing/tmp/input_CA-LosAngeles_autumn_All_MinSup-0.02_MaxLen-25_newencoding.csv.db 0.02 11675 234 [ 1 18 7 0.02124 0 ] [ 2 49 8 0.0326087 0 ] [ 3 32 7 0.0162759 0 ] [ 4 27 4 0.038754 0 ] [ 5 11 3 0.107891 0 ] [ 6 7 0 0.0425761 0 ] [ SUM 144 29 0.259346 ] 0.263433
SLEUTH EMBEDDED UNORDERED /users/PAS0536/osu9965/Traffic/EventProcessing/tmp/input_CA-LosAngeles_winter_All_MinSup-0.02_MaxLen-25_newencoding.csv.db 0.02 12148 243 [ 1 18 7 0.0216579 0 ] [ 2 49 10 0.0279043 0 ] [ 3 48 5 0.0115471 0 ] [ 4 16 6 0.0365512 0 ] [ 5 15 0 0.287931 0 ] [ SUM 146 28 0.385592 ] 0.389226
SLEUTH EMBEDDED UNORDERED /users/PAS0536/osu9965/Traffic/EventProcessing/tmp/input_TX-Austin_spring_All_MinSup-0.02_MaxLen-25_newencoding.csv.db 0.0200001 3555 71 [ 1 18 8 0.00664902 0 ] [ 2 64 9 0.00994992 0 ] [ 3 46 8 0.00447559 0 ] [ 4 32 2 0.0109804 0 ] [ 5 5 0 0.000653982 0 ] [ SUM 165 27 0.0327089 ] 0.0341699
SLEUTH EMBEDDED UNORDERED /users/PAS0536/osu9965/Traffic/EventProcessing/tmp/input_TX-Austin_summer_All_MinSup-0.02_MaxLen-25_newencoding.csv.db 0.02 4659 93 [ 1 18 8 0.00869203 0 ] [ 2 64 8 0.0128827 0 ] [ 3 44 9 0.00666356 0 ] [ 4 36 2 0.0193605 0 ] [ 5 5 0 0.00170302 0 ] [ SUM 167 27 0.0493019 ] 0.0509529
SLEUTH EMBEDDED UNORDERED /users/PAS0536/osu9965/Traffic/EventProcessing/tmp/input_TX-Austin_autumn_All_MinSup-0.02_MaxLen-25_newencoding.csv.db 0.0200002 3514 70 [ 1 18 7 0.00658607 0 ] [ 2 49 11 0.00847363 0 ] [ 3 54 6 0.00285697 0 ] [ 4 24 1 0.00818491 0 ] [ 5 2 1 0.0446951 0 ] [ 6 2 0 0.478776 0 ] [ SUM 149 26 0.549573 ] 0.551365
SLEUTH EMBEDDED UNORDERED /users/PAS0536/osu9965/Traffic/EventProcessing/tmp/input_TX-Austin_winter_All_MinSup-0.02_MaxLen-25_newencoding.csv.db 0.0200003 3420 68 [ 1 18 8 0.00636005 0 ] [ 2 64 9 0.00900555 0 ] [ 3 38 6 0.0024991 0 ] [ 4 19 2 0.0059998 0 ] [ 5 8 0 0.023103 0 ] [ SUM 147 25 0.0469675 ] 0.048331
SLEUTH EMBEDDED UNORDERED /users/PAS0536/osu9965/Traffic/EventProcessing/tmp/input_FL-Miami_spring_All_MinSup-0.02_MaxLen-25_newencoding.csv.db 0.02 9485 190 [ 1 18 4 0.0158651 0 ] [ 2 16 6 0.0214119 0 ] [ 3 28 4 0.00731993 0 ] [ 4 14 5 0.024905 0 ] [ 5 13 2 0.15067 0 ] [ 6 4 0 0.00330591 0 ] [ SUM 93 21 0.223478 ] 0.226127
SLEUTH EMBEDDED UNORDERED /users/PAS0536/osu9965/Traffic/EventProcessing/tmp/input_FL-Miami_summer_All_MinSup-0.02_MaxLen-20_newencoding.csv.db 0.02 11459 229 [ 1 18 6 0.020273 0 ] [ 2 36 7 0.0256062 0 ] [ 3 38 6 0.0102165 0 ] [ 4 24 6 0.0305533 0 ] [ 5 15 2 0.105626 0 ] [ 6 4 0 0.69999 0 ] [ SUM 135 27 0.892265 ] 0.897964
SLEUTH EMBEDDED UNORDERED /users/PAS0536/osu9965/Traffic/EventProcessing/tmp/input_FL-Miami_autumn_All_MinSup-0.02_MaxLen-25_newencoding.csv.db 0.02 10570 211 [ 1 18 4 0.019146 0 ] [ 2 16 6 0.0257359 0 ] [ 3 28 5 0.00992703 0 ] [ 4 17 6 0.0354381 0 ] [ 5 15 1 0.185686 0 ] [ 6 2 0 2.39039 0 ] [ SUM 96 22 2.66632 ] 2.67904
SLEUTH EMBEDDED UNORDERED /users/PAS0536/osu9965/Traffic/EventProcessing/tmp/input_FL-Miami_winter_All_MinSup-0.02_MaxLen-25_newencoding.csv.db 0.02 9480 190 [ 1 18 4 0.016871 0 ] [ 2 16 5 0.026891 0 ] [ 3 22 4 0.0117388 0 ] [ 4 14 4 0.0335703 0 ] [ 5 11 4 0.105781 0 ] [ 6 9 0 0.0484068 0 ] [ SUM 90 21 0.243259 ] 0.247583
SLEUTH EMBEDDED UNORDERED /users/PAS0536/osu9965/Traffic/EventProcessing/tmp/input_CA-LosAngeles_spring_All_MinSup-0.02_MaxLen-20_newencoding.csv.db 0.02 14130 283 [ 1 18 7 0.024596 0 ] [ 2 49 8 0.035358 0 ] [ 3 32 4 0.0162795 0 ] [ 4 14 5 0.025768 0 ] [ 5 13 1 0.0749879 0 ] [ 6 2 0 0.000948191 0 ] [ SUM 128 25 0.177938 ] 0.181094
SLEUTH EMBEDDED UNORDERED /users/PAS0536/osu9965/Traffic/EventProcessing/tmp/input_CA-LosAngeles_summer_All_MinSup-0.02_MaxLen-20_newencoding.csv.db 0.02 14996 300 [ 1 18 6 0.0262699 0 ] [ 2 36 7 0.03758 0 ] [ 3 30 9 0.0183704 0 ] [ 4 37 6 0.0425451 0 ] [ 5 19 5 0.103606 0 ] [ 6 11 0 0.615489 0 ] [ SUM 151 33 0.84386 ] 0.850718
SLEUTH EMBEDDED UNORDERED /users/PAS0536/osu9965/Traffic/EventProcessing/tmp/input_CA-LosAngeles_autumn_All_MinSup-0.02_MaxLen-20_newencoding.csv.db 0.02 11616 232 [ 1 18 7 0.020726 0 ] [ 2 49 8 0.0316794 0 ] [ 3 32 7 0.0122581 0 ] [ 4 27 4 0.0251369 0 ] [ 5 11 1 0.0497339 0 ] [ 6 2 0 0.00101995 0 ] [ SUM 139 27 0.140554 ] 0.143306
SLEUTH EMBEDDED UNORDERED /users/PAS0536/osu9965/Traffic/EventProcessing/tmp/input_CA-LosAngeles_winter_All_MinSup-0.02_MaxLen-20_newencoding.csv.db 0.02 12059 241 [ 1 18 7 0.0198069 0 ] [ 2 49 10 0.0275819 0 ] [ 3 48 5 0.011081 0 ] [ 4 16 6 0.026109 0 ] [ 5 15 0 0.0869911 0 ] [ SUM 146 28 0.17157 ] 0.17469
SLEUTH EMBEDDED UNORDERED /users/PAS0536/osu9965/Traffic/EventProcessing/tmp/input_TX-Austin_spring_All_MinSup-0.02_MaxLen-20_newencoding.csv.db 0.0200002 3544 71 [ 1 18 8 0.00657821 0 ] [ 2 64 9 0.00987506 0 ] [ 3 46 8 0.00423884 0 ] [ 4 32 2 0.0080142 0 ] [ 5 5 0 0.000657082 0 ] [ SUM 165 27 0.0293634 ] 0.0308499
SLEUTH EMBEDDED UNORDERED /users/PAS0536/osu9965/Traffic/EventProcessing/tmp/input_TX-Austin_summer_All_MinSup-0.02_MaxLen-20_newencoding.csv.db 0.02 4626 93 [ 1 18 8 0.0084579 0 ] [ 2 64 8 0.0127113 0 ] [ 3 44 8 0.00548267 0 ] [ 4 30 2 0.00932813 0 ] [ 5 5 0 0.000957966 0 ] [ SUM 161 26 0.036938 ] 0.0386961
SLEUTH EMBEDDED UNORDERED /users/PAS0536/osu9965/Traffic/EventProcessing/tmp/input_TX-Austin_autumn_All_MinSup-0.02_MaxLen-20_newencoding.csv.db 0.0200002 3494 70 [ 1 18 7 0.00655794 0 ] [ 2 49 11 0.00938439 0 ] [ 3 54 6 0.00366068 0 ] [ 4 24 1 0.00646019 0 ] [ 5 2 0 0.0207899 0 ] [ SUM 147 25 0.0468531 ] 0.0483391
SLEUTH EMBEDDED UNORDERED /users/PAS0536/osu9965/Traffic/EventProcessing/tmp/input_TX-Austin_winter_All_MinSup-0.02_MaxLen-20_newencoding.csv.db 0.0200003 3411 68 [ 1 18 8 0.00626612 0 ] [ 2 64 9 0.00878215 0 ] [ 3 38 6 0.00236297 0 ] [ 4 19 2 0.00439501 0 ] [ 5 8 0 0.0103741 0 ] [ SUM 147 25 0.0321803 ] 0.0335641
SLEUTH EMBEDDED UNORDERED /users/PAS0536/osu9965/Traffic/EventProcessing/tmp/input_FL-Miami_spring_All_MinSup-0.02_MaxLen-20_newencoding.csv.db 0.02 9450 189 [ 1 18 4 0.016572 0 ] [ 2 16 6 0.022835 0 ] [ 3 28 4 0.00919223 0 ] [ 4 14 5 0.0214081 0 ] [ 5 13 0 0.065836 0 ] [ SUM 89 19 0.135843 ] 0.138622
SLEUTH EMBEDDED UNORDERED /users/PAS0536/osu9965/Traffic/EventProcessing/tmp/input_FL-Miami_summer_All_MinSup-0.02_MaxLen-20_newencoding.csv.db 0.02 11459 229 [ 1 18 6 0.019659 0 ] [ 2 36 7 0.0250266 0 ] [ 3 38 6 0.00990319 0 ] [ 4 24 6 0.0300922 0 ] [ 5 15 2 0.103371 0 ] [ 6 4 0 0.704271 0 ] [ SUM 135 27 0.892323 ] 0.897562
SLEUTH EMBEDDED UNORDERED /users/PAS0536/osu9965/Traffic/EventProcessing/tmp/input_FL-Miami_autumn_All_MinSup-0.02_MaxLen-20_newencoding.csv.db 0.02 10507 210 [ 1 18 4 0.0172572 0 ] [ 2 16 6 0.0221269 0 ] [ 3 28 5 0.0081439 0 ] [ 4 17 6 0.0197062 0 ] [ 5 15 1 0.0665061 0 ] [ 6 2 0 0.335704 0 ] [ SUM 96 22 0.469445 ] 0.47334
SLEUTH EMBEDDED UNORDERED /users/PAS0536/osu9965/Traffic/EventProcessing/tmp/input_FL-Miami_winter_All_MinSup-0.02_MaxLen-20_newencoding.csv.db 0.02 9431 189 [ 1 18 4 0.016257 0 ] [ 2 16 5 0.023524 0 ] [ 3 22 4 0.0108857 0 ] [ 4 14 4 0.0193288 0 ] [ 5 11 2 0.0350671 0 ] [ 6 4 0 0.00596094 0 ] [ SUM 85 19 0.111024 ] 0.113992
SLEUTH EMBEDDED UNORDERED /users/PAS0536/osu9965/Traffic/EventProcessing/tmp/input_IL-Chicago_spring_All_MinSup-0.02_MaxLen-20_newencoding.csv.db 0.02 6843 137 [ 1 18 5 0.0124259 0 ] [ 2 25 7 0.015763 0 ] [ 3 26 7 0.00508714 0 ] [ 4 26 6 0.01826 0 ] [ 5 15 1 0.0907931 0 ] [ 6 2 0 0.50282 0 ] [ SUM 112 26 0.645149 ] 0.649336
SLEUTH EMBEDDED UNORDERED /users/PAS0536/osu9965/Traffic/EventProcessing/tmp/input_IL-Chicago_summer_All_MinSup-0.02_MaxLen-20_newencoding.csv.db 0.02 9240 185 [ 1 18 3 0.0157499 0 ] [ 2 9 5 0.022186 0 ] [ 3 18 7 0.00828981 0 ] [ 4 25 6 0.0168338 0 ] [ 5 15 0 0.0491531 0 ] [ SUM 85 21 0.112213 ] 0.114906
SLEUTH EMBEDDED UNORDERED /users/PAS0536/osu9965/Traffic/EventProcessing/tmp/input_IL-Chicago_autumn_All_MinSup-0.02_MaxLen-20_newencoding.csv.db 0.02 6904 138 [ 1 18 3 0.012444 0 ] [ 2 9 6 0.0157409 0 ] [ 3 24 7 0.0053432 0 ] [ 4 26 6 0.0165339 0 ] [ 5 15 1 0.0729818 0 ] [ 6 2 0 0.440316 0 ] [ SUM 94 23 0.56336 ] 0.566415
SLEUTH EMBEDDED UNORDERED /users/PAS0536/osu9965/Traffic/EventProcessing/tmp/input_IL-Chicago_winter_All_MinSup-0.06_MaxLen-20_newencoding.csv.db 0.06 6207 372 [ 1 18 5 0.0116069 0 ] [ 2 25 5 0.0151427 0 ] [ 3 10 4 0.00602889 0 ] [ 4 9 1 0.0198259 0 ] [ 5 2 0 0.081495 0 ] [ SUM 64 15 0.134099 ] 0.136509
SLEUTH EMBEDDED UNORDERED /users/PAS0536/osu9965/Traffic/EventProcessing/tmp/input_NY-NewYork_spring_All_MinSup-0.02_MaxLen-20_newencoding.csv.db 0.02 7444 149 [ 1 18 7 0.013078 0 ] [ 2 49 7 0.016444 0 ] [ 3 22 5 0.0049417 0 ] [ 4 12 3 0.015816 0 ] [ 5 7 1 0.0518508 0 ] [ 6 2 0 0.371612 0 ] [ SUM 110 23 0.473742 ] 0.476515
SLEUTH EMBEDDED UNORDERED /users/PAS0536/osu9965/Traffic/EventProcessing/tmp/input_NY-NewYork_summer_All_MinSup-0.02_MaxLen-20_newencoding.csv.db 0.02 9027 181 [ 1 18 6 0.016037 0 ] [ 2 36 6 0.022089 0 ] [ 3 20 4 0.00708532 0 ] [ 4 9 5 0.0166278 0 ] [ 5 13 0 0.0666578 0 ] [ SUM 96 21 0.128497 ] 0.131646
SLEUTH EMBEDDED UNORDERED /users/PAS0536/osu9965/Traffic/EventProcessing/tmp/input_NY-NewYork_autumn_All_MinSup-0.02_MaxLen-20_newencoding.csv.db 0.02 8142 163 [ 1 18 5 0.014097 0 ] [ 2 25 6 0.0198731 0 ] [ 3 20 3 0.0058682 0 ] [ 4 7 4 0.00993395 0 ] [ 5 11 0 0.0350902 0 ] [ SUM 81 18 0.0848625 ] 0.0872979
SLEUTH EMBEDDED UNORDERED /users/PAS0536/osu9965/Traffic/EventProcessing/tmp/input_NY-NewYork_winter_All_MinSup-0.02_MaxLen-20_newencoding.csv.db 0.02 5873 117 [ 1 18 6 0.0108068 0 ] [ 2 36 6 0.0143428 0 ] [ 3 16 5 0.00452018 0 ] [ 4 11 3 0.0156453 0 ] [ 5 6 0 0.0630548 0 ] [ SUM 87 20 0.10837 ] 0.110876
SLEUTH EMBEDDED UNORDERED /users/PAS0536/osu9965/Traffic/EventProcessing/tmp/input_CA-LosAngeles_spring_All_MinSup-0.02_MaxLen-20_newencoding.csv.db 0.02 14130 283 [ 1 18 7 0.0251949 0 ] [ 2 49 8 0.0358994 0 ] [ 3 32 4 0.0162261 0 ] [ 4 14 5 0.0258338 0 ] [ 5 13 1 0.0752323 0 ] [ 6 2 0 0.000946999 0 ] [ SUM 128 25 0.179333 ] 0.182497
SLEUTH EMBEDDED UNORDERED /users/PAS0536/osu9965/Traffic/EventProcessing/tmp/input_CA-LosAngeles_summer_All_MinSup-0.02_MaxLen-20_newencoding.csv.db 0.02 14996 300 [ 1 18 6 0.027957 0 ] [ 2 36 7 0.0382388 0 ] [ 3 30 9 0.0185986 0 ] [ 4 37 6 0.0432305 0 ] [ 5 19 5 0.10295 0 ] [ 6 11 0 0.617007 0 ] [ SUM 151 33 0.847981 ] 0.854642
SLEUTH EMBEDDED UNORDERED /users/PAS0536/osu9965/Traffic/EventProcessing/tmp/input_CA-LosAngeles_autumn_All_MinSup-0.02_MaxLen-20_newencoding.csv.db 0.02 11616 232 [ 1 18 7 0.0191031 0 ] [ 2 49 8 0.0294995 0 ] [ 3 32 7 0.011657 0 ] [ 4 27 4 0.0241637 0 ] [ 5 11 1 0.0471988 0 ] [ 6 2 0 0.000993967 0 ] [ SUM 139 27 0.132616 ] 0.135192
SLEUTH EMBEDDED UNORDERED /users/PAS0536/osu9965/Traffic/EventProcessing/tmp/input_CA-LosAngeles_winter_All_MinSup-0.02_MaxLen-20_newencoding.csv.db 0.02 12059 241 [ 1 18 7 0.019799 0 ] [ 2 49 10 0.0274246 0 ] [ 3 48 5 0.010952 0 ] [ 4 16 6 0.0258224 0 ] [ 5 15 0 0.087018 0 ] [ SUM 146 28 0.171016 ] 0.17418
SLEUTH EMBEDDED UNORDERED /users/PAS0536/osu9965/Traffic/EventProcessing/tmp/input_TX-Austin_spring_All_MinSup-0.02_MaxLen-20_newencoding.csv.db 0.0200002 3544 71 [ 1 18 8 0.00656104 0 ] [ 2 64 9 0.00942516 0 ] [ 3 46 8 0.00419497 0 ] [ 4 32 2 0.00773048 0 ] [ 5 5 0 0.000648975 0 ] [ SUM 165 27 0.0285606 ] 0.029876
SLEUTH EMBEDDED UNORDERED /users/PAS0536/osu9965/Traffic/EventProcessing/tmp/input_TX-Austin_summer_All_MinSup-0.02_MaxLen-20_newencoding.csv.db 0.02 4626 93 [ 1 18 8 0.00848198 0 ] [ 2 64 8 0.0126376 0 ] [ 3 44 8 0.00540709 0 ] [ 4 30 2 0.00927114 0 ] [ 5 5 0 0.000960112 0 ] [ SUM 161 26 0.0367579 ] 0.038394
SLEUTH EMBEDDED UNORDERED /users/PAS0536/osu9965/Traffic/EventProcessing/tmp/input_TX-Austin_autumn_All_MinSup-0.02_MaxLen-20_newencoding.csv.db 0.0200002 3494 70 [ 1 18 7 0.00616002 0 ] [ 2 49 11 0.0089016 0 ] [ 3 54 6 0.00350547 0 ] [ 4 24 1 0.00604296 0 ] [ 5 2 0 0.0197449 0 ] [ SUM 147 25 0.0443549 ] 0.045666
SLEUTH EMBEDDED UNORDERED /users/PAS0536/osu9965/Traffic/EventProcessing/tmp/input_TX-Austin_winter_All_MinSup-0.02_MaxLen-20_newencoding.csv.db 0.0200003 3411 68 [ 1 18 8 0.00623012 0 ] [ 2 64 9 0.00867271 0 ] [ 3 38 6 0.00234866 0 ] [ 4 19 2 0.00436902 0 ] [ 5 8 0 0.0102971 0 ] [ SUM 147 25 0.0319176 ] 0.0332031
SLEUTH EMBEDDED UNORDERED /users/PAS0536/osu9965/Traffic/EventProcessing/tmp/input_FL-Miami_spring_All_MinSup-0.02_MaxLen-20_newencoding.csv.db 0.02 9450 189 [ 1 18 4 0.0158091 0 ] [ 2 16 6 0.0223954 0 ] [ 3 28 4 0.00889802 0 ] [ 4 14 5 0.0204651 0 ] [ 5 13 0 0.0650029 0 ] [ SUM 89 19 0.132571 ] 0.135421
SLEUTH EMBEDDED UNORDERED /users/PAS0536/osu9965/Traffic/EventProcessing/tmp/input_FL-Miami_summer_All_MinSup-0.02_MaxLen-20_newencoding.csv.db 0.02 11459 229 [ 1 18 6 0.02018 0 ] [ 2 36 7 0.0254591 0 ] [ 3 38 6 0.010103 0 ] [ 4 24 6 0.0298142 0 ] [ 5 15 2 0.105518 0 ] [ 6 4 0 0.699823 0 ] [ SUM 135 27 0.890897 ] 0.896072
SLEUTH EMBEDDED UNORDERED /users/PAS0536/osu9965/Traffic/EventProcessing/tmp/input_FL-Miami_autumn_All_MinSup-0.02_MaxLen-20_newencoding.csv.db 0.02 10507 210 [ 1 18 4 0.0189381 0 ] [ 2 16 6 0.023978 0 ] [ 3 28 5 0.00857711 0 ] [ 4 17 6 0.0207331 0 ] [ 5 15 1 0.0692549 0 ] [ 6 2 0 0.339801 0 ] [ SUM 96 22 0.481282 ] 0.484821
SLEUTH EMBEDDED UNORDERED /users/PAS0536/osu9965/Traffic/EventProcessing/tmp/input_FL-Miami_winter_All_MinSup-0.02_MaxLen-20_newencoding.csv.db 0.02 9431 189 [ 1 18 4 0.0143881 0 ] [ 2 16 5 0.0214868 0 ] [ 3 22 4 0.0101562 0 ] [ 4 14 4 0.0182099 0 ] [ 5 11 2 0.033421 0 ] [ 6 4 0 0.00571728 0 ] [ SUM 85 19 0.103379 ] 0.105975
SLEUTH EMBEDDED UNORDERED /users/PAS0536/osu9965/Traffic/EventProcessing/tmp/input_IL-Chicago_spring_All_MinSup-0.02_MaxLen-20_newencoding.csv.db 0.02 6843 137 [ 1 18 5 0.012506 0 ] [ 2 25 7 0.0157554 0 ] [ 3 26 7 0.0052135 0 ] [ 4 26 6 0.0184407 0 ] [ 5 15 1 0.0910602 0 ] [ 6 2 0 0.503589 0 ] [ SUM 112 26 0.646565 ] 0.650578
SLEUTH EMBEDDED UNORDERED /users/PAS0536/osu9965/Traffic/EventProcessing/tmp/input_IL-Chicago_summer_All_MinSup-0.02_MaxLen-20_newencoding.csv.db 0.02 9240 185 [ 1 18 3 0.0136349 0 ] [ 2 9 5 0.0202863 0 ] [ 3 18 7 0.00789738 0 ] [ 4 25 6 0.015729 0 ] [ 5 15 0 0.0465913 0 ] [ SUM 85 21 0.104139 ] 0.106439
SLEUTH EMBEDDED UNORDERED /users/PAS0536/osu9965/Traffic/EventProcessing/tmp/input_IL-Chicago_autumn_All_MinSup-0.02_MaxLen-20_newencoding.csv.db 0.02 6904 138 [ 1 18 3 0.0123889 0 ] [ 2 9 6 0.0157149 0 ] [ 3 24 7 0.00527096 0 ] [ 4 26 6 0.0163429 0 ] [ 5 15 1 0.0734358 0 ] [ 6 2 0 0.440253 0 ] [ SUM 94 23 0.563406 ] 0.565889
SLEUTH EMBEDDED UNORDERED /users/PAS0536/osu9965/Traffic/EventProcessing/tmp/input_IL-Chicago_winter_All_MinSup-0.02_MaxLen-20_newencoding.csv.db 0.02 6207 124 [ 1 18 6 0.00924206 0 ] [ 2 36 9 0.0125806 0 ] [ 3 34 7 0.00581598 0 ] [ 4 21 3 0.0180511 0 ] [ 5 6 2 0.087719 0 ] [ 6 4 1 0.595775 0 ] [ 7 2 0 8.55901 0 ] [ SUM 121 28 9.28819 ] 9.29888
SLEUTH EMBEDDED UNORDERED /users/PAS0536/osu9965/Traffic/EventProcessing/tmp/input_NY-NewYork_spring_All_MinSup-0.02_MaxLen-20_newencoding.csv.db 0.02 7444 149 [ 1 18 7 0.0131049 0 ] [ 2 49 7 0.01652 0 ] [ 3 22 5 0.00497937 0 ] [ 4 12 3 0.0158417 0 ] [ 5 7 1 0.051657 0 ] [ 6 2 0 0.371601 0 ] [ SUM 110 23 0.473704 ] 0.476027
SLEUTH EMBEDDED UNORDERED /users/PAS0536/osu9965/Traffic/EventProcessing/tmp/input_NY-NewYork_summer_All_MinSup-0.02_MaxLen-20_newencoding.csv.db 0.02 9027 181 [ 1 18 6 0.0155959 0 ] [ 2 36 6 0.0215905 0 ] [ 3 20 4 0.00712991 0 ] [ 4 9 5 0.0165403 0 ] [ 5 13 0 0.0660579 0 ] [ SUM 96 21 0.126915 ] 0.129819
SLEUTH EMBEDDED UNORDERED /users/PAS0536/osu9965/Traffic/EventProcessing/tmp/input_NY-NewYork_autumn_All_MinSup-0.02_MaxLen-20_newencoding.csv.db 0.02 8142 163 [ 1 18 5 0.014245 0 ] [ 2 25 6 0.0198402 0 ] [ 3 20 3 0.00588489 0 ] [ 4 7 4 0.00981998 0 ] [ 5 11 0 0.0345662 0 ] [ SUM 81 18 0.0843563 ] 0.0868092
SLEUTH EMBEDDED UNORDERED /users/PAS0536/osu9965/Traffic/EventProcessing/tmp/input_NY-NewYork_winter_All_MinSup-0.02_MaxLen-20_newencoding.csv.db 0.02 5873 117 [ 1 18 6 0.0105491 0 ] [ 2 36 6 0.0141244 0 ] [ 3 16 5 0.00447869 0 ] [ 4 11 3 0.0153348 0 ] [ 5 6 0 0.0625279 0 ] [ SUM 87 20 0.107015 ] 0.109392
SLEUTH EMBEDDED UNORDERED /users/PAS0536/osu9965/Traffic/EventProcessing/tmp/input_CA-LosAngeles_spring_All_MinSup-0.02_MaxLen-20_newencoding.csv.db 0.02 14130 283 [ 1 18 7 0.0249021 0 ] [ 2 49 8 0.0356369 0 ] [ 3 32 4 0.0162103 0 ] [ 4 14 5 0.0258422 0 ] [ 5 13 1 0.0745745 0 ] [ 6 2 0 0.000907898 0 ] [ SUM 128 25 0.178074 ] 0.181178
SLEUTH EMBEDDED UNORDERED /users/PAS0536/osu9965/Traffic/EventProcessing/tmp/input_CA-LosAngeles_summer_All_MinSup-0.02_MaxLen-20_newencoding.csv.db 0.02 14996 300 [ 1 18 6 0.0264041 0 ] [ 2 36 7 0.0385859 0 ] [ 3 30 9 0.018863 0 ] [ 4 37 6 0.0435851 0 ] [ 5 19 5 0.106608 0 ] [ 6 11 0 0.621471 0 ] [ SUM 151 33 0.855517 ] 0.862307
SLEUTH EMBEDDED UNORDERED /users/PAS0536/osu9965/Traffic/EventProcessing/tmp/input_CA-LosAngeles_autumn_All_MinSup-0.02_MaxLen-20_newencoding.csv.db 0.02 11616 232 [ 1 18 7 0.0205588 0 ] [ 2 49 8 0.0310268 0 ] [ 3 32 7 0.0123661 0 ] [ 4 27 4 0.025635 0 ] [ 5 11 1 0.0500138 0 ] [ 6 2 0 0.00105786 0 ] [ SUM 139 27 0.140658 ] 0.14339
SLEUTH EMBEDDED UNORDERED /users/PAS0536/osu9965/Traffic/EventProcessing/tmp/input_CA-LosAngeles_winter_All_MinSup-0.02_MaxLen-20_newencoding.csv.db 0.02 12059 241 [ 1 18 7 0.018723 0 ] [ 2 49 10 0.026274 0 ] [ 3 48 5 0.0108862 0 ] [ 4 16 6 0.0256772 0 ] [ 5 15 0 0.0858779 0 ] [ SUM 146 28 0.167438 ] 0.170643
SLEUTH EMBEDDED UNORDERED /users/PAS0536/osu9965/Traffic/EventProcessing/tmp/input_TX-Austin_spring_All_MinSup-0.02_MaxLen-20_newencoding.csv.db 0.0200002 3544 71 [ 1 18 8 0.00658488 0 ] [ 2 64 9 0.00962019 0 ] [ 3 46 8 0.00428891 0 ] [ 4 32 2 0.00791264 0 ] [ 5 5 0 0.000663996 0 ] [ SUM 165 27 0.0290706 ] 0.0304849
SLEUTH EMBEDDED UNORDERED /users/PAS0536/osu9965/Traffic/EventProcessing/tmp/input_TX-Austin_summer_All_MinSup-0.02_MaxLen-20_newencoding.csv.db 0.02 4626 93 [ 1 18 8 0.00798988 0 ] [ 2 64 8 0.0121741 0 ] [ 3 44 8 0.00519466 0 ] [ 4 30 2 0.00908875 0 ] [ 5 5 0 0.000957966 0 ] [ SUM 161 26 0.0354054 ] 0.0369689
SLEUTH EMBEDDED UNORDERED /users/PAS0536/osu9965/Traffic/EventProcessing/tmp/input_TX-Austin_autumn_All_MinSup-0.02_MaxLen-20_newencoding.csv.db 0.0200002 3494 70 [ 1 18 7 0.00644088 0 ] [ 2 49 11 0.00913 0 ] [ 3 54 6 0.00367212 0 ] [ 4 24 1 0.00636172 0 ] [ 5 2 0 0.0206289 0 ] [ SUM 147 25 0.0462337 ] 0.0474641
SLEUTH EMBEDDED UNORDERED /users/PAS0536/osu9965/Traffic/EventProcessing/tmp/input_TX-Austin_winter_All_MinSup-0.02_MaxLen-20_newencoding.csv.db 0.0200003 3411 68 [ 1 18 8 0.005826 0 ] [ 2 64 9 0.00849581 0 ] [ 3 38 6 0.00230408 0 ] [ 4 19 2 0.00420237 0 ] [ 5 8 0 0.010015 0 ] [ SUM 147 25 0.0308433 ] 0.03197
SLEUTH EMBEDDED UNORDERED /users/PAS0536/osu9965/Traffic/EventProcessing/tmp/input_FL-Miami_spring_All_MinSup-0.02_MaxLen-20_newencoding.csv.db 0.02 9450 189 [ 1 18 4 0.0164862 0 ] [ 2 16 6 0.02301 0 ] [ 3 28 4 0.00928712 0 ] [ 4 14 5 0.0217321 0 ] [ 5 13 0 0.0664959 0 ] [ SUM 89 19 0.137011 ] 0.139697
SLEUTH EMBEDDED UNORDERED /users/PAS0536/osu9965/Traffic/EventProcessing/tmp/input_FL-Miami_summer_All_MinSup-0.02_MaxLen-20_newencoding.csv.db 0.02 11459 229 [ 1 18 6 0.021013 0 ] [ 2 36 7 0.0260792 0 ] [ 3 38 6 0.0103872 0 ] [ 4 24 6 0.0307362 0 ] [ 5 15 2 0.106388 0 ] [ 6 4 0 0.704474 0 ] [ SUM 135 27 0.899078 ] 0.904193
SLEUTH EMBEDDED UNORDERED /users/PAS0536/osu9965/Traffic/EventProcessing/tmp/input_FL-Miami_autumn_All_MinSup-0.02_MaxLen-20_newencoding.csv.db 0.02 10507 210 [ 1 18 4 0.018532 0 ] [ 2 16 6 0.0235491 0 ] [ 3 28 5 0.00848913 0 ] [ 4 17 6 0.020401 0 ] [ 5 15 1 0.0679469 0 ] [ 6 2 0 0.336809 0 ] [ SUM 96 22 0.475727 ] 0.479175
SLEUTH EMBEDDED UNORDERED /users/PAS0536/osu9965/Traffic/EventProcessing/tmp/input_FL-Miami_winter_All_MinSup-0.02_MaxLen-20_newencoding.csv.db 0.02 9431 189 [ 1 18 4 0.0157471 0 ] [ 2 16 5 0.0232213 0 ] [ 3 22 4 0.0107627 0 ] [ 4 14 4 0.0189359 0 ] [ 5 11 2 0.0346401 0 ] [ 6 4 0 0.00585485 0 ] [ SUM 85 19 0.109162 ] 0.111575
SLEUTH EMBEDDED UNORDERED /users/PAS0536/osu9965/Traffic/EventProcessing/tmp/input_IL-Chicago_spring_All_MinSup-0.02_MaxLen-20_newencoding.csv.db 0.02 6843 137 [ 1 18 5 0.0124009 0 ] [ 2 25 7 0.0157781 0 ] [ 3 26 7 0.00512981 0 ] [ 4 26 6 0.0184479 0 ] [ 5 15 1 0.0914614 0 ] [ 6 2 0 0.503381 0 ] [ SUM 112 26 0.646599 ] 0.650479
SLEUTH EMBEDDED UNORDERED /users/PAS0536/osu9965/Traffic/EventProcessing/tmp/input_IL-Chicago_summer_All_MinSup-0.02_MaxLen-20_newencoding.csv.db 0.02 9240 185 [ 1 18 3 0.0164359 0 ] [ 2 9 5 0.0225677 0 ] [ 3 18 7 0.00857806 0 ] [ 4 25 6 0.016902 0 ] [ 5 15 0 0.0501564 0 ] [ SUM 85 21 0.11464 ] 0.116934
SLEUTH EMBEDDED UNORDERED /users/PAS0536/osu9965/Traffic/EventProcessing/tmp/input_IL-Chicago_autumn_All_MinSup-0.02_MaxLen-20_newencoding.csv.db 0.02 6904 138 [ 1 18 3 0.0108302 0 ] [ 2 9 6 0.0142512 0 ] [ 3 24 7 0.0052011 0 ] [ 4 26 6 0.015671 0 ] [ 5 15 1 0.0693581 0 ] [ 6 2 0 0.436198 0 ] [ SUM 94 23 0.55151 ] 0.554104
SLEUTH EMBEDDED UNORDERED /users/PAS0536/osu9965/Traffic/EventProcessing/tmp/input_IL-Chicago_winter_All_MinSup-0.02_MaxLen-20_newencoding.csv.db 0.02 6207 124 [ 1 18 6 0.0116301 0 ] [ 2 36 9 0.0155499 0 ] [ 3 34 7 0.00661564 0 ] [ 4 21 3 0.0203702 0 ] [ 5 6 2 0.097966 0 ] [ 6 4 1 0.600554 0 ] [ 7 2 0 8.47276 0 ] [ SUM 121 28 9.22545 ] 9.24312
SLEUTH EMBEDDED UNORDERED /users/PAS0536/osu9965/Traffic/EventProcessing/tmp/input_NY-NewYork_spring_All_MinSup-0.02_MaxLen-20_newencoding.csv.db 0.02 7444 149 [ 1 18 7 0.0125811 0 ] [ 2 49 7 0.016252 0 ] [ 3 22 5 0.00498009 0 ] [ 4 12 3 0.0157039 0 ] [ 5 7 1 0.0507193 0 ] [ 6 2 0 0.372179 0 ] [ SUM 110 23 0.472415 ] 0.474618
SLEUTH EMBEDDED UNORDERED /users/PAS0536/osu9965/Traffic/EventProcessing/tmp/input_NY-NewYork_summer_All_MinSup-0.02_MaxLen-20_newencoding.csv.db 0.02 9027 181 [ 1 18 6 0.015902 0 ] [ 2 36 6 0.0216439 0 ] [ 3 20 4 0.00703979 0 ] [ 4 9 5 0.0164449 0 ] [ 5 13 0 0.0670273 0 ] [ SUM 96 21 0.128058 ] 0.130936
SLEUTH EMBEDDED UNORDERED /users/PAS0536/osu9965/Traffic/EventProcessing/tmp/input_NY-NewYork_autumn_All_MinSup-0.02_MaxLen-20_newencoding.csv.db 0.02 8142 163 [ 1 18 5 0.0135691 0 ] [ 2 25 6 0.0193381 0 ] [ 3 20 3 0.005723 0 ] [ 4 7 4 0.00941229 0 ] [ 5 11 0 0.0344017 0 ] [ SUM 81 18 0.0824442 ] 0.0848331
SLEUTH EMBEDDED UNORDERED /users/PAS0536/osu9965/Traffic/EventProcessing/tmp/input_NY-NewYork_winter_All_MinSup-0.02_MaxLen-20_newencoding.csv.db 0.02 5873 117 [ 1 18 6 0.0103769 0 ] [ 2 36 6 0.0140946 0 ] [ 3 16 5 0.00446105 0 ] [ 4 11 3 0.01542 0 ] [ 5 6 0 0.0628519 0 ] [ SUM 87 20 0.107204 ] 0.109632
SLEUTH EMBEDDED UNORDERED /users/PAS0536/osu9965/Traffic/EventProcessing/tmp/input_CA-LosAngeles_spring_All_MinSup-0.01_MaxLen-20_newencoding.csv.db 0.01 14130 141 [ 1 18 8 0.0244532 0 ] [ 2 64 12 0.0332 0 ] [ 3 68 12 0.0152681 0 ] [ 4 49 8 0.0318611 0 ] [ 5 23 8 0.092803 0 ] [ 6 20 0 0.410383 0 ] [ SUM 242 48 0.607968 ] 0.613736
SLEUTH EMBEDDED UNORDERED /users/PAS0536/osu9965/Traffic/EventProcessing/tmp/input_CA-LosAngeles_summer_All_MinSup-0.01_MaxLen-20_newencoding.csv.db 0.01 14996 150 [ 1 18 6 0.026408 0 ] [ 2 36 11 0.039614 0 ] [ 3 74 13 0.0196173 0 ] [ 4 73 12 0.045671 0 ] [ 5 49 12 0.114176 0 ] [ 6 39 1 0.711303 0 ] [ 7 2 0 4.36406 0 ] [ SUM 291 55 5.32085 ] 5.33361
SLEUTH EMBEDDED UNORDERED /users/PAS0536/osu9965/Traffic/EventProcessing/tmp/input_CA-LosAngeles_autumn_All_MinSup-0.01_MaxLen-20_newencoding.csv.db 0.01 11616 116 [ 1 18 7 0.020725 0 ] [ 2 49 10 0.0313287 0 ] [ 3 52 10 0.0123618 0 ] [ 4 39 8 0.026238 0 ] [ 5 36 7 0.0630951 0 ] [ 6 18 0 0.155818 0 ] [ SUM 212 42 0.309567 ] 0.313774
SLEUTH EMBEDDED UNORDERED /users/PAS0536/osu9965/Traffic/EventProcessing/tmp/input_CA-LosAngeles_winter_All_MinSup-0.01_MaxLen-20_newencoding.csv.db 0.01 12059 121 [ 1 18 7 0.0186021 0 ] [ 2 49 13 0.0250506 0 ] [ 3 78 13 0.00912452 0 ] [ 4 52 8 0.0250981 0 ] [ 5 23 9 0.0837798 0 ] [ 6 22 0 0.587518 0 ] [ SUM 242 50 0.749173 ] 0.755364
SLEUTH EMBEDDED UNORDERED /users/PAS0536/osu9965/Traffic/EventProcessing/tmp/input_TX-Austin_spring_All_MinSup-0.01_MaxLen-20_newencoding.csv.db 0.0100002 3544 35 [ 1 18 8 0.00655508 0 ] [ 2 64 13 0.00968099 0 ] [ 3 70 17 0.0039351 0 ] [ 4 80 11 0.0087986 0 ] [ 5 39 0 0.0203824 0 ] [ SUM 271 49 0.0493522 ] 0.0515602
SLEUTH EMBEDDED UNORDERED /users/PAS0536/osu9965/Traffic/EventProcessing/tmp/input_TX-Austin_summer_All_MinSup-0.01_MaxLen-20_newencoding.csv.db 0.01 4626 46 [ 1 18 8 0.00840211 0 ] [ 2 64 13 0.0125141 0 ] [ 3 86 18 0.00506473 0 ] [ 4 96 10 0.0118032 0 ] [ 5 35 0 0.0268822 0 ] [ SUM 299 49 0.0646663 ] 0.0669131
SLEUTH EMBEDDED UNORDERED /users/PAS0536/osu9965/Traffic/EventProcessing/tmp/input_TX-Austin_autumn_All_MinSup-0.01_MaxLen-20_newencoding.csv.db 0.0100002 3494 35 [ 1 18 8 0.00651407 0 ] [ 2 64 15 0.00849295 0 ] [ 3 86 16 0.00270939 0 ] [ 4 68 6 0.00649977 0 ] [ 5 20 2 0.022604 0 ] [ 6 4 1 0.108895 0 ] [ 7 2 0 0.608634 0 ] [ SUM 262 48 0.764349 ] 0.766796
SLEUTH EMBEDDED UNORDERED /users/PAS0536/osu9965/Traffic/EventProcessing/tmp/input_TX-Austin_winter_All_MinSup-0.01_MaxLen-20_newencoding.csv.db 0.0100003 3411 34 [ 1 18 10 0.00625181 0 ] [ 2 100 17 0.00900578 0 ] [ 3 98 9 0.00297642 0 ] [ 4 36 6 0.00503492 0 ] [ 5 19 1 0.0110867 0 ] [ 6 2 0 0.00238204 0 ] [ SUM 273 43 0.0367377 ] 0.038641
SLEUTH EMBEDDED UNORDERED /users/PAS0536/osu9965/Traffic/EventProcessing/tmp/input_FL-Miami_spring_All_MinSup-0.01_MaxLen-20_newencoding.csv.db 0.01 9450 95 [ 1 18 6 0.016799 0 ] [ 2 36 8 0.021632 0 ] [ 3 36 9 0.00663018 0 ] [ 4 33 7 0.016927 0 ] [ 5 21 9 0.0564184 0 ] [ 6 25 0 0.27529 0 ] [ SUM 169 39 0.393697 ] 0.398125
SLEUTH EMBEDDED UNORDERED /users/PAS0536/osu9965/Traffic/EventProcessing/tmp/input_FL-Miami_summer_All_MinSup-0.01_MaxLen-20_newencoding.csv.db 0.01 11459 115 [ 1 18 6 0.0202889 0 ] [ 2 36 10 0.0259171 0 ] [ 3 60 10 0.010555 0 ] [ 4 48 7 0.0321877 0 ] [ 5 21 7 0.111212 0 ] [ 6 15 2 0.755321 0 ] [ 7 4 1 9.18824 0 ] [ 8 2 0 97.0072 0 ] [ SUM 204 43 107.151 ] 107.182
SLEUTH EMBEDDED UNORDERED /users/PAS0536/osu9965/Traffic/EventProcessing/tmp/input_FL-Miami_autumn_All_MinSup-0.01_MaxLen-20_newencoding.csv.db 0.01 10507 105 [ 1 18 6 0.0151532 0 ] [ 2 36 9 0.0207574 0 ] [ 3 46 10 0.00834799 0 ] [ 4 40 6 0.0213261 0 ] [ 5 15 8 0.0634789 0 ] [ 6 18 0 0.404914 0 ] [ SUM 173 39 0.533978 ] 0.538631
SLEUTH EMBEDDED UNORDERED /users/PAS0536/osu9965/Traffic/EventProcessing/tmp/input_FL-Miami_winter_All_MinSup-0.01_MaxLen-20_newencoding.csv.db 0.01 9431 94 [ 1 18 7 0.0164011 0 ] [ 2 49 9 0.0235348 0 ] [ 3 38 8 0.00997043 0 ] [ 4 30 6 0.0175099 0 ] [ 5 19 8 0.0471666 0 ] [ 6 23 0 0.0940619 0 ] [ SUM 177 38 0.208645 ] 0.212291
SLEUTH EMBEDDED UNORDERED /users/PAS0536/osu9965/Traffic/EventProcessing/tmp/input_IL-Chicago_spring_All_MinSup-0.01_MaxLen-20_newencoding.csv.db 0.01 6843 68 [ 1 18 6 0.012428 0 ] [ 2 36 8 0.016577 0 ] [ 3 28 14 0.00456619 0 ] [ 4 56 8 0.0157704 0 ] [ 5 23 4 0.0807378 0 ] [ 6 12 2 0.782535 0 ] [ 7 4 0 7.84358 0 ] [ SUM 177 42 8.75619 ] 8.77222
SLEUTH EMBEDDED UNORDERED /users/PAS0536/osu9965/Traffic/EventProcessing/tmp/input_IL-Chicago_summer_All_MinSup-0.01_MaxLen-20_newencoding.csv.db 0.01 9240 92 [ 1 18 4 0.0164709 0 ] [ 2 16 6 0.0214281 0 ] [ 3 24 15 0.006495 0 ] [ 4 68 7 0.0166676 0 ] [ 5 21 5 0.0453529 0 ] [ 6 11 0 0.220922 0 ] [ SUM 158 37 0.327337 ] 0.330431
SLEUTH EMBEDDED UNORDERED /users/PAS0536/osu9965/Traffic/EventProcessing/tmp/input_IL-Chicago_autumn_All_MinSup-0.01_MaxLen-20_newencoding.csv.db 0.01 6904 69 [ 1 18 5 0.0122571 0 ] [ 2 25 7 0.0159972 0 ] [ 3 26 13 0.00529003 0 ] [ 4 56 8 0.0179105 0 ] [ 5 27 2 0.072783 0 ] [ 6 4 2 0.441118 0 ] [ 7 4 0 6.70981 0 ] [ SUM 160 37 7.27517 ] 7.28424
SLEUTH EMBEDDED UNORDERED /users/PAS0536/osu9965/Traffic/EventProcessing/tmp/input_IL-Chicago_winter_All_MinSup-0.01_MaxLen-20_newencoding.csv.db 0.01 6207 62 [ 1 18 6 0.011673 0 ] [ 2 36 9 0.0156622 0 ] [ 3 34 12 0.00658488 0 ] [ 4 46 10 0.0218904 0 ] [ 5 27 3 0.107835 0 ] [ 6 6 2 0.79331 0 ] [ 7 4 2 8.54302 0 ] [ 8 4 0 93.2198 0 ] [ SUM 175 44 102.72 ] 102.754
SLEUTH EMBEDDED UNORDERED /users/PAS0536/osu9965/Traffic/EventProcessing/tmp/input_NY-NewYork_spring_All_MinSup-0.01_MaxLen-20_newencoding.csv.db 0.01 7444 74 [ 1 18 7 0.013165 0 ] [ 2 49 11 0.0170052 0 ] [ 3 42 9 0.00529552 0 ] [ 4 31 8 0.018306 0 ] [ 5 23 3 0.0735927 0 ] [ 6 6 1 0.594302 0 ] [ 7 2 0 4.83749 0 ] [ SUM 171 39 5.55915 ] 5.56845
SLEUTH EMBEDDED UNORDERED /users/PAS0536/osu9965/Traffic/EventProcessing/tmp/input_NY-NewYork_summer_All_MinSup-0.01_MaxLen-20_newencoding.csv.db 0.01 9027 90 [ 1 18 6 0.016083 0 ] [ 2 36 8 0.0205915 0 ] [ 3 28 11 0.00543284 0 ] [ 4 42 7 0.0143859 0 ] [ 5 17 2 0.0584655 0 ] [ 6 4 0 0.403555 0 ] [ SUM 145 34 0.518514 ] 0.522591
SLEUTH EMBEDDED UNORDERED /users/PAS0536/osu9965/Traffic/EventProcessing/tmp/input_NY-NewYork_autumn_All_MinSup-0.01_MaxLen-20_newencoding.csv.db 0.01 8142 81 [ 1 18 6 0.014112 0 ] [ 2 36 9 0.0185578 0 ] [ 3 34 11 0.00450444 0 ] [ 4 42 8 0.0117438 0 ] [ 5 23 1 0.0532153 0 ] [ 6 2 0 0.18355 0 ] [ SUM 155 35 0.285683 ] 0.288304
SLEUTH EMBEDDED UNORDERED /users/PAS0536/osu9965/Traffic/EventProcessing/tmp/input_NY-NewYork_winter_All_MinSup-0.01_MaxLen-20_newencoding.csv.db 0.01 5873 59 [ 1 18 7 0.0106809 0 ] [ 2 49 8 0.0134881 0 ] [ 3 28 11 0.00331569 0 ] [ 4 36 7 0.012109 0 ] [ 5 17 2 0.0602665 0 ] [ 6 4 0 0.49079 0 ] [ SUM 152 35 0.59065 ] 0.594028
